Warning: There are infeasible paths detected in your design that were ignored during optimization. Please run 'report_timing -attributes' and/or 'create_qor_snapshot/query_qor_snapshot -infeasible_paths' to identify these paths.  (OPT-1721)
 
****************************************
Report : timing
        -path full
        -delay max
        -max_paths 1
Design : UART_TX_TOP
Version: K-2015.06
Date   : Fri Sep 12 05:31:24 2025
****************************************

Operating Conditions: scmetro_tsmc_cl013g_rvt_ss_1p08v_125c   Library: scmetro_tsmc_cl013g_rvt_ss_1p08v_125c
Wire Load Model Mode: top

  Startpoint: P_DATA[1] (input port clocked by CLK)
  Endpoint: par/PAR_BIT_reg
            (rising edge-triggered flip-flop clocked by scan_clk)
  Path Group: INREG
  Path Type: max

  Des/Clust/Port     Wire Load Model       Library
  ------------------------------------------------
  UART_TX_TOP        tsmc13_wl30           scmetro_tsmc_cl013g_rvt_ss_1p08v_125c

  Point                                    Incr       Path
  -----------------------------------------------------------
  clock CLK (rise edge)                789931.06  789931.06
  clock network delay (ideal)              0.00   789931.06
  input external delay                  2604.17   792535.25 r
  P_DATA[1] (in)                           0.31   792535.56 r
  par/P_DATA[1] (PARITY_CALC_test_1)       0.00   792535.56 r
  par/U9/Y (XNOR3X4M)                      0.56   792536.12 r
  par/U8/Y (XOR3X4M)                       0.38   792536.50 f
  par/U6/Y (XNOR3X4M)                      0.31   792536.81 f
  par/U5/Y (MXI2X12M)                      0.19   792537.00 r
  par/PAR_BIT_reg/D (SDFFRHQX1M)           0.00   792537.00 r
  data arrival time                               792537.00

  clock scan_clk (rise edge)           790000.00  790000.00
  clock network delay (ideal)              0.00   790000.00
  clock uncertainty                       -0.03   790000.00
  par/PAR_BIT_reg/CK (SDFFRHQX1M)          0.00   790000.00 r
  library setup time                      -0.31   789999.69
  data required time                              789999.69
  -----------------------------------------------------------
  data required time                              789999.69
  data arrival time                               -792537.00
  -----------------------------------------------------------
  slack (VIOLATED)                                -2537.31


  Startpoint: fsm/cs_reg_0_
              (rising edge-triggered flip-flop clocked by scan_clk)
  Endpoint: busy (output port clocked by CLK)
  Path Group: REGOUT
  Path Type: max

  Des/Clust/Port     Wire Load Model       Library
  ------------------------------------------------
  UART_TX_TOP        tsmc13_wl30           scmetro_tsmc_cl013g_rvt_ss_1p08v_125c

  Point                                    Incr       Path
  -----------------------------------------------------------
  clock scan_clk (rise edge)           460000.00  460000.00
  clock network delay (ideal)              0.00   460000.00
  fsm/cs_reg_0_/CK (SDFFRX4M)              0.00   460000.00 r
  fsm/cs_reg_0_/Q (SDFFRX4M)               0.66   460000.66 r
  fsm/U17/Y (NAND2X8M)                     0.25   460000.91 f
  fsm/U5/Y (INVX10M)                       0.31   460001.22 r
  fsm/U14/Y (CLKINVX40M)                   0.09   460001.31 f
  fsm/U8/Y (NAND2X8M)                      0.09   460001.41 r
  fsm/BUSY (FSM_test_1)                    0.00   460001.41 r
  U1/Y (CLKBUFX40M)                        0.34   460001.75 r
  busy (out)                               0.00   460001.75 r
  data arrival time                               460001.75

  clock CLK (rise edge)                460069.47  460069.47
  clock network delay (ideal)              0.00   460069.47
  clock uncertainty                       -0.25   460069.22
  output external delay                -2604.17   457465.06
  data required time                              457465.06
  -----------------------------------------------------------
  data required time                              457465.06
  data arrival time                               -460001.75
  -----------------------------------------------------------
  slack (VIOLATED)                                -2536.69


  Startpoint: ser/counter_reg_1_
              (rising edge-triggered flip-flop clocked by scan_clk)
  Endpoint: ser/counter_reg_2_
            (rising edge-triggered flip-flop clocked by scan_clk)
  Path Group: scan_clk
  Path Type: max

  Des/Clust/Port     Wire Load Model       Library
  ------------------------------------------------
  UART_TX_TOP        tsmc13_wl30           scmetro_tsmc_cl013g_rvt_ss_1p08v_125c

  Point                                    Incr       Path
  -----------------------------------------------------------
  clock scan_clk (rise edge)               0.00       0.00
  clock network delay (ideal)              0.00       0.00
  ser/counter_reg_1_/CK (SDFFRHQX2M)       0.00       0.00 r
  ser/counter_reg_1_/Q (SDFFRHQX2M)        0.94       0.94 r
  ser/U60/Y (INVX2M)                       0.48       1.42 f
  ser/U19/Y (NAND4BX1M)                    0.46       1.87 r
  ser/U59/Y (INVX2M)                       0.44       2.31 f
  ser/U35/Y (NAND2BX2M)                    0.88       3.19 f
  ser/U44/Y (INVX6M)                       0.92       4.12 r
  ser/U22/Y (NAND3X1M)                     1.04       5.16 f
  ser/U58/Y (OAI22X1M)                     0.97       6.13 r
  ser/counter_reg_2_/D (SDFFRQX2M)         0.00       6.13 r
  data arrival time                                   6.13

  clock scan_clk (rise edge)           10000.00   10000.00
  clock network delay (ideal)              0.00   10000.00
  clock uncertainty                       -0.03    9999.97
  ser/counter_reg_2_/CK (SDFFRQX2M)        0.00    9999.97 r
  library setup time                      -0.40    9999.57
  data required time                               9999.57
  -----------------------------------------------------------
  data required time                               9999.57
  data arrival time                                  -6.13
  -----------------------------------------------------------
  slack (MET)                                      9993.44


1
