 
****************************************
Report : area
Design : UART_TX_TOP
Version: K-2015.06
Date   : Sun Sep  7 14:45:15 2025
****************************************

Library(s) Used:

    scmetro_tsmc_cl013g_rvt_ss_1p08v_125c (File: /home/IC/UART_TX/std_cells/scmetro_tsmc_cl013g_rvt_ss_1p08v_125c.db)

Number of ports:                           58
Number of nets:                           124
Number of cells:                           68
Number of combinational cells:             47
Number of sequential cells:                17
Number of macros/black boxes:               0
Number of buf/inv:                          6
Number of references:                       4

Combinational area:                417.728501
Buf/Inv area:                       32.947601
Noncombinational area:             454.206202
Macro/Black Box area:                0.000000
Net Interconnect area:           25480.128662

Total cell area:                   871.934702
Total area:                      26352.063365

Hierarchical area distribution
------------------------------

                                  Global cell area          Local cell area
                                  ------------------  --------------------------- 
Hierarchical cell                 Absolute   Percent  Combi-    Noncombi-  Black-
                                  Total      Total    national  national   boxes   Design
--------------------------------  ---------  -------  --------  ---------  ------  -----------
UART_TX_TOP                        871.9347    100.0    0.0000     0.0000  0.0000  UART_TX_TOP
fsm                                174.1516     20.0   90.6059    83.5457  0.0000  FSM
mux                                 23.5340      2.7   23.5340     0.0000  0.0000  MUX
par                                127.0836     14.6  101.1962    25.8874  0.0000  PARITY_CALC
ser                                547.1655     62.8  202.3924   344.7731  0.0000  SERIALIZER
--------------------------------  ---------  -------  --------  ---------  ------  -----------
Total                                                 417.7285   454.2062  0.0000

1
