
*** Running vivado
    with args -log FIFO.vdi -applog -m64 -product Vivado -messageDb vivado.pb -mode batch -source FIFO.tcl -notrace


****** Vivado v2018.2 (64-bit)
  **** SW Build 2258646 on Thu Jun 14 20:03:12 MDT 2018
  **** IP Build 2256618 on Thu Jun 14 22:10:49 MDT 2018
    ** Copyright 1986-2018 Xilinx, Inc. All Rights Reserved.

source FIFO.tcl -notrace
Command: link_design -top FIFO -part xc7a35ticpg236-1L
Design is defaulting to srcset: sources_1
Design is defaulting to constrset: constrs_1
INFO: [Netlist 29-17] Analyzing 24 Unisim elements for replacement
INFO: [Netlist 29-28] Unisim Transformation completed in 0 CPU seconds
INFO: [Project 1-479] Netlist was created with Vivado 2018.2
INFO: [Device 21-403] Loading part xc7a35ticpg236-1L
INFO: [Project 1-570] Preparing netlist for logic optimization
Parsing XDC File [D:/KareemWaseem/Questa_sem/Assignment_5/q5.xdc]
Finished Parsing XDC File [D:/KareemWaseem/Questa_sem/Assignment_5/q5.xdc]
INFO: [Opt 31-138] Pushed 0 inverter(s) to 0 load pin(s).
INFO: [Project 1-111] Unisim Transformation Summary:
No Unisim elements were transformed.

7 Infos, 0 Warnings, 0 Critical Warnings and 0 Errors encountered.
link_design completed successfully
link_design: Time (s): cpu = 00:00:06 ; elapsed = 00:00:16 . Memory (MB): peak = 588.641 ; gain = 338.977
Command: opt_design
Attempting to get a license for feature 'Implementation' and/or device 'xc7a35ti'
INFO: [Common 17-349] Got license for feature 'Implementation' and/or device 'xc7a35ti'
Running DRC as a precondition to command opt_design

Starting DRC Task
INFO: [DRC 23-27] Running DRC with 2 threads
INFO: [Project 1-461] DRC finished with 0 Errors
INFO: [Project 1-462] Please refer to the DRC report (report_drc) for more information.

Time (s): cpu = 00:00:00 ; elapsed = 00:00:00.497 . Memory (MB): peak = 602.340 ; gain = 13.699

Starting Cache Timing Information Task
INFO: [Timing 38-35] Done setting XDC timing constraints.
Ending Cache Timing Information Task | Checksum: 198978256

Time (s): cpu = 00:00:02 ; elapsed = 00:00:08 . Memory (MB): peak = 1101.699 ; gain = 499.359

Starting Logic Optimization Task

Phase 1 Generate And Synthesize Debug Cores
INFO: [Chipscope 16-329] Generating Script for core instance : dbg_hub 
INFO: [IP_Flow 19-234] Refreshing IP repositories
INFO: [IP_Flow 19-1704] No user IP repositories specified
INFO: [IP_Flow 19-2313] Loaded Vivado IP repository 'C:/Xilinx/Vivado/2018.2/data/ip'.
INFO: [IP_Flow 19-3806] Processing IP xilinx.com:ip:xsdbm:3.0 for cell dbg_hub_CV.
INFO: [Chipscope 16-329] Generating Script for core instance : u_ila_0 
INFO: [IP_Flow 19-3806] Processing IP xilinx.com:ip:ila:6.2 for cell u_ila_0_CV.
INFO: [Chipscope 16-329] Generating Script for core instance : u_ila_1 
INFO: [IP_Flow 19-3806] Processing IP xilinx.com:ip:ila:6.2 for cell u_ila_1_CV.
INFO: [Chipscope 16-220] Re-using generated and synthesized IP, "xilinx.com:ip:xsdbm:3.0", from Vivado IP cache entry "9a3f135cca4a7cd3".
INFO: [Chipscope 16-220] Re-using generated and synthesized IP, "xilinx.com:ip:ila:6.2", from Vivado IP cache entry "c5901127105f0ec4".
Netlist sorting complete. Time (s): cpu = 00:00:00 ; elapsed = 00:00:00.055 . Memory (MB): peak = 1284.945 ; gain = 0.000
Phase 1 Generate And Synthesize Debug Cores | Checksum: 129e2564c

Time (s): cpu = 00:00:02 ; elapsed = 00:01:47 . Memory (MB): peak = 1284.945 ; gain = 183.246

Phase 2 Retarget
INFO: [Opt 31-138] Pushed 0 inverter(s) to 0 load pin(s).
INFO: [Opt 31-49] Retargeted 0 cell(s).
Phase 2 Retarget | Checksum: 131b6dfb8

Time (s): cpu = 00:00:02 ; elapsed = 00:01:48 . Memory (MB): peak = 1284.945 ; gain = 183.246
INFO: [Opt 31-389] Phase Retarget created 0 cells and removed 0 cells

Phase 3 Constant propagation
INFO: [Opt 31-138] Pushed 0 inverter(s) to 0 load pin(s).
Phase 3 Constant propagation | Checksum: d66ccee8

Time (s): cpu = 00:00:02 ; elapsed = 00:01:48 . Memory (MB): peak = 1284.945 ; gain = 183.246
INFO: [Opt 31-389] Phase Constant propagation created 0 cells and removed 32 cells

Phase 4 Sweep
Phase 4 Sweep | Checksum: d01034e3

Time (s): cpu = 00:00:02 ; elapsed = 00:01:48 . Memory (MB): peak = 1284.945 ; gain = 183.246
INFO: [Opt 31-389] Phase Sweep created 0 cells and removed 122 cells

Phase 5 BUFG optimization
Phase 5 BUFG optimization | Checksum: d01034e3

Time (s): cpu = 00:00:02 ; elapsed = 00:01:48 . Memory (MB): peak = 1284.945 ; gain = 183.246
INFO: [Opt 31-662] Phase BUFG optimization created 0 cells of which 0 are BUFGs and removed 0 cells.

Phase 6 Shift Register Optimization
Phase 6 Shift Register Optimization | Checksum: e0eff85b

Time (s): cpu = 00:00:02 ; elapsed = 00:01:48 . Memory (MB): peak = 1284.945 ; gain = 183.246
INFO: [Opt 31-389] Phase Shift Register Optimization created 0 cells and removed 0 cells

Phase 7 Post Processing Netlist
Phase 7 Post Processing Netlist | Checksum: e0eff85b

Time (s): cpu = 00:00:02 ; elapsed = 00:01:48 . Memory (MB): peak = 1284.945 ; gain = 183.246
INFO: [Opt 31-389] Phase Post Processing Netlist created 0 cells and removed 0 cells

Starting Connectivity Check Task

Time (s): cpu = 00:00:00 ; elapsed = 00:00:00.008 . Memory (MB): peak = 1284.945 ; gain = 0.000
Ending Logic Optimization Task | Checksum: e0eff85b

Time (s): cpu = 00:00:02 ; elapsed = 00:01:48 . Memory (MB): peak = 1284.945 ; gain = 183.246

Starting Power Optimization Task
INFO: [Pwropt 34-132] Skipping clock gating for clocks with a period < 2.00 ns.
INFO: [Timing 38-35] Done setting XDC timing constraints.
INFO: [Pwropt 34-9] Applying IDT optimizations ...
INFO: [Pwropt 34-10] Applying ODC optimizations ...
INFO: [Physopt 32-619] Estimated Timing Summary | WNS=4.541 | TNS=0.000 |
Running Vector-less Activity Propagation...

Finished Running Vector-less Activity Propagation


Starting PowerOpt Patch Enables Task
INFO: [Pwropt 34-162] WRITE_MODE attribute of 2 BRAM(s) out of a total of 4 has been updated to save power. Run report_power_opt to get a complete listing of the BRAMs updated.
INFO: [Pwropt 34-201] Structural ODC has moved 0 WE to EN ports
Number of BRAM Ports augmented: 4 newly gated: 0 Total Ports: 8
Ending PowerOpt Patch Enables Task | Checksum: d1af57c5

Time (s): cpu = 00:00:00 ; elapsed = 00:00:00.026 . Memory (MB): peak = 1491.660 ; gain = 0.000
Ending Power Optimization Task | Checksum: d1af57c5

Time (s): cpu = 00:00:01 ; elapsed = 00:00:02 . Memory (MB): peak = 1491.660 ; gain = 206.715

Starting Final Cleanup Task
Ending Final Cleanup Task | Checksum: d1af57c5

Time (s): cpu = 00:00:00 ; elapsed = 00:00:00 . Memory (MB): peak = 1491.660 ; gain = 0.000
INFO: [Common 17-83] Releasing license: Implementation
49 Infos, 0 Warnings, 0 Critical Warnings and 0 Errors encountered.
opt_design completed successfully
opt_design: Time (s): cpu = 00:00:05 ; elapsed = 00:01:58 . Memory (MB): peak = 1491.660 ; gain = 903.020
INFO: [Timing 38-480] Writing timing data to binary archive.
Writing placer database...
Writing XDEF routing.
Writing XDEF routing logical nets.
Writing XDEF routing special nets.
Write XDEF Complete: Time (s): cpu = 00:00:00 ; elapsed = 00:00:00.028 . Memory (MB): peak = 1491.660 ; gain = 0.000
INFO: [Common 17-1381] The checkpoint 'D:/KareemWaseem/Questa_sem/Assignment_5/ass_5_5/ass_5_5.runs/impl_1/FIFO_opt.dcp' has been generated.
INFO: [runtcl-4] Executing : report_drc -file FIFO_drc_opted.rpt -pb FIFO_drc_opted.pb -rpx FIFO_drc_opted.rpx
Command: report_drc -file FIFO_drc_opted.rpt -pb FIFO_drc_opted.pb -rpx FIFO_drc_opted.rpx
INFO: [IP_Flow 19-1839] IP Catalog is up to date.
INFO: [DRC 23-27] Running DRC with 2 threads
INFO: [Coretcl 2-168] The results of DRC are in file D:/KareemWaseem/Questa_sem/Assignment_5/ass_5_5/ass_5_5.runs/impl_1/FIFO_drc_opted.rpt.
report_drc completed successfully
INFO: [Chipscope 16-240] Debug cores have already been implemented
Command: place_design
Attempting to get a license for feature 'Implementation' and/or device 'xc7a35ti'
INFO: [Common 17-349] Got license for feature 'Implementation' and/or device 'xc7a35ti'
INFO: [DRC 23-27] Running DRC with 2 threads
INFO: [Vivado_Tcl 4-198] DRC finished with 0 Errors
INFO: [Vivado_Tcl 4-199] Please refer to the DRC report (report_drc) for more information.
Running DRC as a precondition to command place_design
INFO: [DRC 23-27] Running DRC with 2 threads
INFO: [Vivado_Tcl 4-198] DRC finished with 0 Errors
INFO: [Vivado_Tcl 4-199] Please refer to the DRC report (report_drc) for more information.

Starting Placer Task
INFO: [Place 30-611] Multithreading enabled for place_design using a maximum of 2 CPUs

Phase 1 Placer Initialization

Phase 1.1 Placer Initialization Netlist Sorting
Netlist sorting complete. Time (s): cpu = 00:00:00 ; elapsed = 00:00:00.008 . Memory (MB): peak = 1491.660 ; gain = 0.000
Phase 1.1 Placer Initialization Netlist Sorting | Checksum: a1bb1cd9

Time (s): cpu = 00:00:00 ; elapsed = 00:00:00.017 . Memory (MB): peak = 1491.660 ; gain = 0.000
INFO: [Timing 38-35] Done setting XDC timing constraints.
INFO: [Opt 31-138] Pushed 0 inverter(s) to 0 load pin(s).
Netlist sorting complete. Time (s): cpu = 00:00:00 ; elapsed = 00:00:00.006 . Memory (MB): peak = 1491.660 ; gain = 0.000

Phase 1.2 IO Placement/ Clock Placement/ Build Placer Device
INFO: [Timing 38-35] Done setting XDC timing constraints.
Phase 1.2 IO Placement/ Clock Placement/ Build Placer Device | Checksum: 8f135d7c

Time (s): cpu = 00:00:01 ; elapsed = 00:00:01 . Memory (MB): peak = 1491.660 ; gain = 0.000

Phase 1.3 Build Placer Netlist Model
Phase 1.3 Build Placer Netlist Model | Checksum: 149bb3fb9

Time (s): cpu = 00:00:02 ; elapsed = 00:00:02 . Memory (MB): peak = 1491.660 ; gain = 0.000

Phase 1.4 Constrain Clocks/Macros
Phase 1.4 Constrain Clocks/Macros | Checksum: 149bb3fb9

Time (s): cpu = 00:00:02 ; elapsed = 00:00:02 . Memory (MB): peak = 1491.660 ; gain = 0.000
Phase 1 Placer Initialization | Checksum: 149bb3fb9

Time (s): cpu = 00:00:02 ; elapsed = 00:00:02 . Memory (MB): peak = 1491.660 ; gain = 0.000

Phase 2 Global Placement

Phase 2.1 Floorplanning
Phase 2.1 Floorplanning | Checksum: c006a44e

Time (s): cpu = 00:00:02 ; elapsed = 00:00:02 . Memory (MB): peak = 1491.660 ; gain = 0.000

Phase 2.2 Physical Synthesis In Placer
INFO: [Physopt 32-65] No nets found for high-fanout optimization.
INFO: [Physopt 32-232] Optimized 0 net. Created 0 new instance.
INFO: [Physopt 32-775] End 1 Pass. Optimized 0 net or cell. Created 0 new cell, deleted 0 existing cell and moved 0 existing cell
Netlist sorting complete. Time (s): cpu = 00:00:00 ; elapsed = 00:00:00.008 . Memory (MB): peak = 1491.660 ; gain = 0.000

Summary of Physical Synthesis Optimizations
============================================


-----------------------------------------------------------------------------------------------------------------------------
|  Optimization       |  Added Cells  |  Removed Cells  |  Optimized Cells/Nets  |  Dont Touch  |  Iterations  |  Elapsed   |
-----------------------------------------------------------------------------------------------------------------------------
|  Very High Fanout   |            0  |              0  |                     0  |           0  |           1  |  00:00:00  |
|  Total              |            0  |              0  |                     0  |           0  |           1  |  00:00:00  |
-----------------------------------------------------------------------------------------------------------------------------


Phase 2.2 Physical Synthesis In Placer | Checksum: e53291ad

Time (s): cpu = 00:00:03 ; elapsed = 00:00:04 . Memory (MB): peak = 1491.660 ; gain = 0.000
Phase 2 Global Placement | Checksum: 1147186fc

Time (s): cpu = 00:00:03 ; elapsed = 00:00:05 . Memory (MB): peak = 1491.660 ; gain = 0.000

Phase 3 Detail Placement

Phase 3.1 Commit Multi Column Macros
Phase 3.1 Commit Multi Column Macros | Checksum: 1147186fc

Time (s): cpu = 00:00:03 ; elapsed = 00:00:05 . Memory (MB): peak = 1491.660 ; gain = 0.000

Phase 3.2 Commit Most Macros & LUTRAMs
Phase 3.2 Commit Most Macros & LUTRAMs | Checksum: 206c6e3c9

Time (s): cpu = 00:00:04 ; elapsed = 00:00:05 . Memory (MB): peak = 1491.660 ; gain = 0.000

Phase 3.3 Area Swap Optimization
Phase 3.3 Area Swap Optimization | Checksum: 20a85d610

Time (s): cpu = 00:00:04 ; elapsed = 00:00:05 . Memory (MB): peak = 1491.660 ; gain = 0.000

Phase 3.4 Pipeline Register Optimization
Phase 3.4 Pipeline Register Optimization | Checksum: 1ca2a30be

Time (s): cpu = 00:00:04 ; elapsed = 00:00:05 . Memory (MB): peak = 1491.660 ; gain = 0.000

Phase 3.5 Small Shape Detail Placement
Phase 3.5 Small Shape Detail Placement | Checksum: 1834b1aac

Time (s): cpu = 00:00:04 ; elapsed = 00:00:06 . Memory (MB): peak = 1491.660 ; gain = 0.000

Phase 3.6 Re-assign LUT pins
Phase 3.6 Re-assign LUT pins | Checksum: 1516a8671

Time (s): cpu = 00:00:04 ; elapsed = 00:00:06 . Memory (MB): peak = 1491.660 ; gain = 0.000

Phase 3.7 Pipeline Register Optimization
Phase 3.7 Pipeline Register Optimization | Checksum: 1516a8671

Time (s): cpu = 00:00:04 ; elapsed = 00:00:06 . Memory (MB): peak = 1491.660 ; gain = 0.000
Phase 3 Detail Placement | Checksum: 1516a8671

Time (s): cpu = 00:00:04 ; elapsed = 00:00:06 . Memory (MB): peak = 1491.660 ; gain = 0.000

Phase 4 Post Placement Optimization and Clean-Up

Phase 4.1 Post Commit Optimization
INFO: [Timing 38-35] Done setting XDC timing constraints.

Phase 4.1.1 Post Placement Optimization
Post Placement Optimization Initialization | Checksum: 180decac5

Phase 4.1.1.1 BUFG Insertion
INFO: [Place 46-31] BUFG insertion identified 0 candidate nets, 0 success, 0 skipped for placement/routing, 0 skipped for timing, 0 skipped for netlist change reason.
Phase 4.1.1.1 BUFG Insertion | Checksum: 180decac5

Time (s): cpu = 00:00:04 ; elapsed = 00:00:07 . Memory (MB): peak = 1491.660 ; gain = 0.000
INFO: [Place 30-746] Post Placement Timing Summary WNS=3.771. For the most accurate timing information please run report_timing.
Phase 4.1.1 Post Placement Optimization | Checksum: 1a65c3319

Time (s): cpu = 00:00:04 ; elapsed = 00:00:07 . Memory (MB): peak = 1491.660 ; gain = 0.000
Phase 4.1 Post Commit Optimization | Checksum: 1a65c3319

Time (s): cpu = 00:00:04 ; elapsed = 00:00:07 . Memory (MB): peak = 1491.660 ; gain = 0.000

Phase 4.2 Post Placement Cleanup
Phase 4.2 Post Placement Cleanup | Checksum: 1a65c3319

Time (s): cpu = 00:00:04 ; elapsed = 00:00:07 . Memory (MB): peak = 1491.660 ; gain = 0.000

Phase 4.3 Placer Reporting
Phase 4.3 Placer Reporting | Checksum: 1a65c3319

Time (s): cpu = 00:00:05 ; elapsed = 00:00:07 . Memory (MB): peak = 1491.660 ; gain = 0.000

Phase 4.4 Final Placement Cleanup
Phase 4.4 Final Placement Cleanup | Checksum: 1ca9c2c5d

Time (s): cpu = 00:00:05 ; elapsed = 00:00:07 . Memory (MB): peak = 1491.660 ; gain = 0.000
Phase 4 Post Placement Optimization and Clean-Up | Checksum: 1ca9c2c5d

Time (s): cpu = 00:00:05 ; elapsed = 00:00:07 . Memory (MB): peak = 1491.660 ; gain = 0.000
Ending Placer Task | Checksum: 13f9c184d

Time (s): cpu = 00:00:05 ; elapsed = 00:00:07 . Memory (MB): peak = 1491.660 ; gain = 0.000
INFO: [Common 17-83] Releasing license: Implementation
74 Infos, 0 Warnings, 0 Critical Warnings and 0 Errors encountered.
place_design completed successfully
place_design: Time (s): cpu = 00:00:05 ; elapsed = 00:00:08 . Memory (MB): peak = 1491.660 ; gain = 0.000
INFO: [Timing 38-480] Writing timing data to binary archive.
Writing placer database...
Writing XDEF routing.
Writing XDEF routing logical nets.
Writing XDEF routing special nets.
Write XDEF Complete: Time (s): cpu = 00:00:00 ; elapsed = 00:00:00.322 . Memory (MB): peak = 1491.660 ; gain = 0.000
INFO: [Common 17-1381] The checkpoint 'D:/KareemWaseem/Questa_sem/Assignment_5/ass_5_5/ass_5_5.runs/impl_1/FIFO_placed.dcp' has been generated.
INFO: [runtcl-4] Executing : report_io -file FIFO_io_placed.rpt
report_io: Time (s): cpu = 00:00:00 ; elapsed = 00:00:00.044 . Memory (MB): peak = 1491.660 ; gain = 0.000
INFO: [runtcl-4] Executing : report_utilization -file FIFO_utilization_placed.rpt -pb FIFO_utilization_placed.pb
report_utilization: Time (s): cpu = 00:00:00 ; elapsed = 00:00:00.053 . Memory (MB): peak = 1491.660 ; gain = 0.000
INFO: [runtcl-4] Executing : report_control_sets -verbose -file FIFO_control_sets_placed.rpt
report_control_sets: Time (s): cpu = 00:00:00 ; elapsed = 00:00:00.025 . Memory (MB): peak = 1491.660 ; gain = 0.000
Command: route_design
Attempting to get a license for feature 'Implementation' and/or device 'xc7a35ti'
INFO: [Common 17-349] Got license for feature 'Implementation' and/or device 'xc7a35ti'
Running DRC as a precondition to command route_design
INFO: [DRC 23-27] Running DRC with 2 threads
WARNING: [DRC CFGBVS-7] CONFIG_VOLTAGE with Config Bank VCCO: The CONFIG_MODE property of current_design specifies a configuration mode (SPIx4) that uses pins in bank 14.  I/O standards used in this bank have a voltage requirement of 1.80.  However, the CONFIG_VOLTAGE for current_design is set to 3.3.  Ensure that your configuration voltage is compatible with the I/O standards in banks used by your configuration mode.  Refer to device configuration user guide for more information.    Pins used by config mode: D18 (IO_L1P_T0_D00_MOSI_14), D19 (IO_L1N_T0_D01_DIN_14), G18 (IO_L2P_T0_D02_14), F18 (IO_L2N_T0_D03_14), E18 (IO_L3P_T0_DQS_PUDC_B_14), and K19 (IO_L6P_T0_FCS_B_14)
INFO: [Vivado_Tcl 4-198] DRC finished with 0 Errors, 1 Warnings
INFO: [Vivado_Tcl 4-199] Please refer to the DRC report (report_drc) for more information.


Starting Routing Task
INFO: [Route 35-254] Multithreading enabled for route_design using a maximum of 2 CPUs
Checksum: PlaceDB: a05c3eea ConstDB: 0 ShapeSum: 9f3fd963 RouteDB: 0

Phase 1 Build RT Design
Phase 1 Build RT Design | Checksum: 12d620cec

Time (s): cpu = 00:00:06 ; elapsed = 00:00:11 . Memory (MB): peak = 1491.660 ; gain = 0.000
Post Restoration Checksum: NetGraph: 51fb6109 NumContArr: db66abe3 Constraints: 0 Timing: 0

Phase 2 Router Initialization

Phase 2.1 Create Timer
Phase 2.1 Create Timer | Checksum: 12d620cec

Time (s): cpu = 00:00:06 ; elapsed = 00:00:11 . Memory (MB): peak = 1491.660 ; gain = 0.000

Phase 2.2 Fix Topology Constraints
Phase 2.2 Fix Topology Constraints | Checksum: 12d620cec

Time (s): cpu = 00:00:06 ; elapsed = 00:00:11 . Memory (MB): peak = 1491.660 ; gain = 0.000

Phase 2.3 Pre Route Cleanup
Phase 2.3 Pre Route Cleanup | Checksum: 12d620cec

Time (s): cpu = 00:00:06 ; elapsed = 00:00:11 . Memory (MB): peak = 1491.660 ; gain = 0.000
 Number of Nodes with overlaps = 0

Phase 2.4 Update Timing
Phase 2.4 Update Timing | Checksum: 107b7316d

Time (s): cpu = 00:00:06 ; elapsed = 00:00:12 . Memory (MB): peak = 1491.660 ; gain = 0.000
INFO: [Route 35-416] Intermediate Timing Summary | WNS=3.902  | TNS=0.000  | WHS=-1.116 | THS=-111.988|


Phase 2.5 Update Timing for Bus Skew

Phase 2.5.1 Update Timing
Phase 2.5.1 Update Timing | Checksum: c61134ef

Time (s): cpu = 00:00:06 ; elapsed = 00:00:12 . Memory (MB): peak = 1491.660 ; gain = 0.000
INFO: [Route 35-416] Intermediate Timing Summary | WNS=3.902  | TNS=0.000  | WHS=N/A    | THS=N/A    |

Phase 2.5 Update Timing for Bus Skew | Checksum: b4f77a0f

Time (s): cpu = 00:00:06 ; elapsed = 00:00:13 . Memory (MB): peak = 1491.660 ; gain = 0.000
Phase 2 Router Initialization | Checksum: ed2ec1d7

Time (s): cpu = 00:00:06 ; elapsed = 00:00:13 . Memory (MB): peak = 1491.660 ; gain = 0.000

Phase 3 Initial Routing
Phase 3 Initial Routing | Checksum: 19ebbd359

Time (s): cpu = 00:00:07 ; elapsed = 00:00:13 . Memory (MB): peak = 1491.660 ; gain = 0.000

Phase 4 Rip-up And Reroute

Phase 4.1 Global Iteration 0
 Number of Nodes with overlaps = 392
 Number of Nodes with overlaps = 16
 Number of Nodes with overlaps = 0
INFO: [Route 35-416] Intermediate Timing Summary | WNS=3.110  | TNS=0.000  | WHS=N/A    | THS=N/A    |

Phase 4.1 Global Iteration 0 | Checksum: 1e2dac1d9

Time (s): cpu = 00:00:07 ; elapsed = 00:00:14 . Memory (MB): peak = 1491.660 ; gain = 0.000

Phase 4.2 Global Iteration 1
 Number of Nodes with overlaps = 0
INFO: [Route 35-416] Intermediate Timing Summary | WNS=3.110  | TNS=0.000  | WHS=N/A    | THS=N/A    |

Phase 4.2 Global Iteration 1 | Checksum: 16c34051e

Time (s): cpu = 00:00:07 ; elapsed = 00:00:14 . Memory (MB): peak = 1491.660 ; gain = 0.000
Phase 4 Rip-up And Reroute | Checksum: 16c34051e

Time (s): cpu = 00:00:07 ; elapsed = 00:00:14 . Memory (MB): peak = 1491.660 ; gain = 0.000

Phase 5 Delay and Skew Optimization

Phase 5.1 Delay CleanUp
Phase 5.1 Delay CleanUp | Checksum: 16c34051e

Time (s): cpu = 00:00:07 ; elapsed = 00:00:14 . Memory (MB): peak = 1491.660 ; gain = 0.000

Phase 5.2 Clock Skew Optimization
Phase 5.2 Clock Skew Optimization | Checksum: 16c34051e

Time (s): cpu = 00:00:07 ; elapsed = 00:00:14 . Memory (MB): peak = 1491.660 ; gain = 0.000
Phase 5 Delay and Skew Optimization | Checksum: 16c34051e

Time (s): cpu = 00:00:07 ; elapsed = 00:00:14 . Memory (MB): peak = 1491.660 ; gain = 0.000

Phase 6 Post Hold Fix

Phase 6.1 Hold Fix Iter

Phase 6.1.1 Update Timing
Phase 6.1.1 Update Timing | Checksum: 11fe07f38

Time (s): cpu = 00:00:07 ; elapsed = 00:00:14 . Memory (MB): peak = 1491.660 ; gain = 0.000
INFO: [Route 35-416] Intermediate Timing Summary | WNS=3.110  | TNS=0.000  | WHS=-0.142 | THS=-0.142 |


Phase 6.1.2 Lut RouteThru Assignment for hold
Phase 6.1.2 Lut RouteThru Assignment for hold | Checksum: 262d5825c

Time (s): cpu = 00:00:07 ; elapsed = 00:00:14 . Memory (MB): peak = 1491.660 ; gain = 0.000
Phase 6.1 Hold Fix Iter | Checksum: 262d5825c

Time (s): cpu = 00:00:07 ; elapsed = 00:00:14 . Memory (MB): peak = 1491.660 ; gain = 0.000

Phase 6.2 Additional Hold Fix
INFO: [Route 35-416] Intermediate Timing Summary | WNS=3.110  | TNS=0.000  | WHS=-0.142 | THS=-0.142 |

Phase 6.2 Additional Hold Fix | Checksum: 1f1bb5f7f

Time (s): cpu = 00:00:07 ; elapsed = 00:00:14 . Memory (MB): peak = 1491.660 ; gain = 0.000
Phase 6 Post Hold Fix | Checksum: 26194dd84

Time (s): cpu = 00:00:08 ; elapsed = 00:00:14 . Memory (MB): peak = 1491.660 ; gain = 0.000

Phase 7 Route finalize

Router Utilization Summary
  Global Vertical Routing Utilization    = 0.863111 %
  Global Horizontal Routing Utilization  = 1.23399 %
  Routable Net Status*
  *Does not include unroutable nets such as driverless and loadless.
  Run report_route_status for detailed report.
  Number of Failed Nets               = 0
  Number of Unrouted Nets             = 0
  Number of Partially Routed Nets     = 0
  Number of Node Overlaps             = 0

Phase 7 Route finalize | Checksum: 26194dd84

Time (s): cpu = 00:00:08 ; elapsed = 00:00:14 . Memory (MB): peak = 1491.660 ; gain = 0.000

Phase 8 Verifying routed nets

 Verification completed successfully
Phase 8 Verifying routed nets | Checksum: 26194dd84

Time (s): cpu = 00:00:08 ; elapsed = 00:00:14 . Memory (MB): peak = 1491.660 ; gain = 0.000

Phase 9 Depositing Routes
Phase 9 Depositing Routes | Checksum: 1f3ec8de1

Time (s): cpu = 00:00:08 ; elapsed = 00:00:14 . Memory (MB): peak = 1491.660 ; gain = 0.000
WARNING: [Route 35-459] Router was unable to fix hold violation on 1 pins. This could be due to a combination of congestion, blockages and run-time limitations. Such pins are:
	u_ila_1/inst/ila_core_inst/u_trig/U_TM/N_DDR_MODE.G_NMU[0].U_M/allx_typeA_match_detection.ltlib_v1_0_0_allx_typeA_inst/probeDelay1[0]_i_1/I2

Resolution: You may try high effort hold fixing by turning on param route.enableGlobalHoldIter.

Phase 10 Post Router Timing

Phase 10.1 Update Timing
Phase 10.1 Update Timing | Checksum: 1430567ed

Time (s): cpu = 00:00:08 ; elapsed = 00:00:14 . Memory (MB): peak = 1491.660 ; gain = 0.000
INFO: [Route 35-57] Estimated Timing Summary | WNS=3.110  | TNS=0.000  | WHS=-0.142 | THS=-0.142 |

WARNING: [Route 35-328] Router estimated timing not met.
Resolution: For a complete and accurate timing signoff, report_timing_summary must be run after route_design. Alternatively, route_design can be run with the -timing_summary option to enable a complete timing signoff at the end of route_design.
Phase 10 Post Router Timing | Checksum: 1430567ed

Time (s): cpu = 00:00:08 ; elapsed = 00:00:14 . Memory (MB): peak = 1491.660 ; gain = 0.000
INFO: [Route 35-16] Router Completed Successfully

Time (s): cpu = 00:00:08 ; elapsed = 00:00:14 . Memory (MB): peak = 1491.660 ; gain = 0.000

Routing Is Done.
INFO: [Common 17-83] Releasing license: Implementation
93 Infos, 3 Warnings, 0 Critical Warnings and 0 Errors encountered.
route_design completed successfully
route_design: Time (s): cpu = 00:00:08 ; elapsed = 00:00:15 . Memory (MB): peak = 1491.660 ; gain = 0.000
INFO: [Timing 38-480] Writing timing data to binary archive.
Writing placer database...
Writing XDEF routing.
Writing XDEF routing logical nets.
Writing XDEF routing special nets.
Write XDEF Complete: Time (s): cpu = 00:00:00 ; elapsed = 00:00:00.318 . Memory (MB): peak = 1491.660 ; gain = 0.000
INFO: [Common 17-1381] The checkpoint 'D:/KareemWaseem/Questa_sem/Assignment_5/ass_5_5/ass_5_5.runs/impl_1/FIFO_routed.dcp' has been generated.
INFO: [runtcl-4] Executing : report_drc -file FIFO_drc_routed.rpt -pb FIFO_drc_routed.pb -rpx FIFO_drc_routed.rpx
Command: report_drc -file FIFO_drc_routed.rpt -pb FIFO_drc_routed.pb -rpx FIFO_drc_routed.rpx
INFO: [IP_Flow 19-1839] IP Catalog is up to date.
INFO: [DRC 23-27] Running DRC with 2 threads
INFO: [Coretcl 2-168] The results of DRC are in file D:/KareemWaseem/Questa_sem/Assignment_5/ass_5_5/ass_5_5.runs/impl_1/FIFO_drc_routed.rpt.
report_drc completed successfully
INFO: [runtcl-4] Executing : report_methodology -file FIFO_methodology_drc_routed.rpt -pb FIFO_methodology_drc_routed.pb -rpx FIFO_methodology_drc_routed.rpx
Command: report_methodology -file FIFO_methodology_drc_routed.rpt -pb FIFO_methodology_drc_routed.pb -rpx FIFO_methodology_drc_routed.rpx
INFO: [Timing 38-35] Done setting XDC timing constraints.
INFO: [Timing 38-35] Done setting XDC timing constraints.
INFO: [DRC 23-133] Running Methodology with 2 threads
INFO: [Coretcl 2-1520] The results of Report Methodology are in file D:/KareemWaseem/Questa_sem/Assignment_5/ass_5_5/ass_5_5.runs/impl_1/FIFO_methodology_drc_routed.rpt.
report_methodology completed successfully
INFO: [runtcl-4] Executing : report_power -file FIFO_power_routed.rpt -pb FIFO_power_summary_routed.pb -rpx FIFO_power_routed.rpx
Command: report_power -file FIFO_power_routed.rpt -pb FIFO_power_summary_routed.pb -rpx FIFO_power_routed.rpx
INFO: [Timing 38-35] Done setting XDC timing constraints.
Running Vector-less Activity Propagation...

Finished Running Vector-less Activity Propagation
106 Infos, 3 Warnings, 0 Critical Warnings and 0 Errors encountered.
report_power completed successfully
INFO: [runtcl-4] Executing : report_route_status -file FIFO_route_status.rpt -pb FIFO_route_status.pb
INFO: [runtcl-4] Executing : report_timing_summary -max_paths 10 -file FIFO_timing_summary_routed.rpt -pb FIFO_timing_summary_routed.pb -rpx FIFO_timing_summary_routed.rpx -warn_on_violation 
INFO: [Timing 38-91] UpdateTimingParams: Speed grade: -1L, Delay Type: min_max, Timing Stage: Requireds.
INFO: [Timing 38-191] Multithreading enabled for timing update using a maximum of 2 CPUs
CRITICAL WARNING: [Timing 38-282] The design failed to meet the timing requirements. Please see the timing summary report for details on the timing violations.
WARNING: [Timing 38-436] There are set_bus_skew constraint(s) in this design. Please run report_bus_skew to ensure that bus skew requirements are met.
INFO: [runtcl-4] Executing : report_incremental_reuse -file FIFO_incremental_reuse_routed.rpt
INFO: [Vivado_Tcl 4-545] No incremental reuse to report, no incremental placement and routing data was found.
INFO: [runtcl-4] Executing : report_clock_utilization -file FIFO_clock_utilization_routed.rpt
INFO: [runtcl-4] Executing : report_bus_skew -warn_on_violation -file FIFO_bus_skew_routed.rpt -pb FIFO_bus_skew_routed.pb -rpx FIFO_bus_skew_routed.rpx
INFO: [Timing 38-91] UpdateTimingParams: Speed grade: -1L, Delay Type: min_max, Timing Stage: Requireds.
INFO: [Timing 38-191] Multithreading enabled for timing update using a maximum of 2 CPUs
INFO: [Common 17-206] Exiting Vivado at Sun Mar  2 23:32:03 2025...
