                                        
                           Design Compiler Graphical 
                                 DC Ultra (TM)
                                  DFTMAX (TM)
                              Power Compiler (TM)
                                 DesignWare (R)
                                 DC Expert (TM)
                               Design Vision (TM)
                               HDL Compiler (TM)
                               VHDL Compiler (TM)
                                  DFT Compiler
                               Design Compiler(R)
                                        
                 Version K-2015.06 for linux64 - May 28, 2015 
                                        
                    Copyright (c) 1988 - 2015 Synopsys, Inc.
   This software and the associated documentation are proprietary to Synopsys,
 Inc. This software may only be used in accordance with the terms and conditions
 of a written license agreement with Synopsys, Inc. All other use, reproduction,
            or distribution of this software is strictly prohibited.
Initializing...
Initializing gui preferences from file  /home/IC/.synopsys_dv_prefs.tcl
########################### Define Top Module ############################
set top_module UART_TX_TOP
UART_TX_TOP
##################### Define Working Library Directory ######################
define_design_lib work -path ./work
1
################## Design Compiler Library Files #setup ######################
lappend search_path /home/IC/UART_TX/Ass_DFT_1.0/std_cells
. /opt/Synopsys/Synplify2015/libraries/syn /opt/Synopsys/Synplify2015/minpower/syn /opt/Synopsys/Synplify2015/dw/syn_ver /opt/Synopsys/Synplify2015/dw/sim_ver /home/IC/UART_TX/Ass_DFT_1.0/std_cells
lappend search_path /home/IC/UART_TX/Ass_DFT_1.0/rtl
. /opt/Synopsys/Synplify2015/libraries/syn /opt/Synopsys/Synplify2015/minpower/syn /opt/Synopsys/Synplify2015/dw/syn_ver /opt/Synopsys/Synplify2015/dw/sim_ver /home/IC/UART_TX/Ass_DFT_1.0/std_cells /home/IC/UART_TX/Ass_DFT_1.0/rtl
set SSLIB "scmetro_tsmc_cl013g_rvt_ss_1p08v_125c.db"
scmetro_tsmc_cl013g_rvt_ss_1p08v_125c.db
set TTLIB "scmetro_tsmc_cl013g_rvt_tt_1p2v_25c.db"
scmetro_tsmc_cl013g_rvt_tt_1p2v_25c.db
set FFLIB "scmetro_tsmc_cl013g_rvt_ff_1p32v_m40c.db"
scmetro_tsmc_cl013g_rvt_ff_1p32v_m40c.db
## Standard Cell libraries 
set target_library [list $SSLIB $TTLIB $FFLIB]
scmetro_tsmc_cl013g_rvt_ss_1p08v_125c.db scmetro_tsmc_cl013g_rvt_tt_1p2v_25c.db scmetro_tsmc_cl013g_rvt_ff_1p32v_m40c.db
## Standard Cell & Hard Macros libraries 
set link_library [list * $SSLIB $TTLIB $FFLIB]  
* scmetro_tsmc_cl013g_rvt_ss_1p08v_125c.db scmetro_tsmc_cl013g_rvt_tt_1p2v_25c.db scmetro_tsmc_cl013g_rvt_ff_1p32v_m40c.db
#echo "###############################################"
#echo "############# Reading RTL Files  ##############"
#echo "###############################################"
set file_format verilog
verilog
read_file -format $file_format MUX.v
Loading db file '/home/IC/UART_TX/Ass_DFT_1.0/std_cells/scmetro_tsmc_cl013g_rvt_ss_1p08v_125c.db'
Loading db file '/home/IC/UART_TX/Ass_DFT_1.0/std_cells/scmetro_tsmc_cl013g_rvt_tt_1p2v_25c.db'
Loading db file '/home/IC/UART_TX/Ass_DFT_1.0/std_cells/scmetro_tsmc_cl013g_rvt_ff_1p32v_m40c.db'
Loading db file '/opt/Synopsys/Synplify2015/libraries/syn/gtech.db'
Loading db file '/opt/Synopsys/Synplify2015/libraries/syn/standard.sldb'
  Loading link library 'scmetro_tsmc_cl013g_rvt_ss_1p08v_125c'
  Loading link library 'scmetro_tsmc_cl013g_rvt_tt_1p2v_25c'
  Loading link library 'scmetro_tsmc_cl013g_rvt_ff_1p32v_m40c'
  Loading link library 'gtech'
Loading verilog file '/home/IC/UART_TX/Ass_DFT_1.0/rtl/MUX.v'
Detecting input file type automatically (-rtl or -netlist).
Reading with Presto HDL Compiler (equivalent to -rtl option).
Running PRESTO HDLC
Compiling source file /home/IC/UART_TX/Ass_DFT_1.0/rtl/MUX.v

Statistics for case statements in always block at line 9 in file
	'/home/IC/UART_TX/Ass_DFT_1.0/rtl/MUX.v'
===============================================
|           Line           |  full/ parallel  |
===============================================
|            10            |    auto/auto     |
===============================================
Presto compilation completed successfully.
Current design is now '/home/IC/UART_TX/Ass_DFT_1.0/rtl/MUX.db:MUX'
Loaded 1 design.
Current design is 'MUX'.
MUX
read_file -format $file_format FSM.v
Loading verilog file '/home/IC/UART_TX/Ass_DFT_1.0/rtl/FSM.v'
Detecting input file type automatically (-rtl or -netlist).
Reading with Presto HDL Compiler (equivalent to -rtl option).
Running PRESTO HDLC
Compiling source file /home/IC/UART_TX/Ass_DFT_1.0/rtl/FSM.v

Statistics for case statements in always block at line 27 in file
	'/home/IC/UART_TX/Ass_DFT_1.0/rtl/FSM.v'
===============================================
|           Line           |  full/ parallel  |
===============================================
|            28            |    auto/auto     |
===============================================

Statistics for case statements in always block at line 63 in file
	'/home/IC/UART_TX/Ass_DFT_1.0/rtl/FSM.v'
===============================================
|           Line           |  full/ parallel  |
===============================================
|            64            |    auto/auto     |
===============================================

Inferred memory devices in process
	in routine FSM line 17 in file
		'/home/IC/UART_TX/Ass_DFT_1.0/rtl/FSM.v'.
===============================================================================
|    Register Name    |   Type    | Width | Bus | MB | AR | AS | SR | SS | ST |
===============================================================================
|       cs_reg        | Flip-flop |   3   |  Y  | N  | Y  | N  | N  | N  | N  |
===============================================================================
Presto compilation completed successfully.
Current design is now '/home/IC/UART_TX/Ass_DFT_1.0/rtl/FSM.db:FSM'
Loaded 1 design.
Current design is 'FSM'.
FSM
read_file -format $file_format PARITY_CALC.v
Loading verilog file '/home/IC/UART_TX/Ass_DFT_1.0/rtl/PARITY_CALC.v'
Detecting input file type automatically (-rtl or -netlist).
Reading with Presto HDL Compiler (equivalent to -rtl option).
Running PRESTO HDLC
Compiling source file /home/IC/UART_TX/Ass_DFT_1.0/rtl/PARITY_CALC.v

Inferred memory devices in process
	in routine PARITY_CALC line 9 in file
		'/home/IC/UART_TX/Ass_DFT_1.0/rtl/PARITY_CALC.v'.
===============================================================================
|    Register Name    |   Type    | Width | Bus | MB | AR | AS | SR | SS | ST |
===============================================================================
|     PAR_BIT_reg     | Flip-flop |   1   |  N  | N  | Y  | N  | N  | N  | N  |
===============================================================================
Presto compilation completed successfully.
Current design is now '/home/IC/UART_TX/Ass_DFT_1.0/rtl/PARITY_CALC.db:PARITY_CALC'
Loaded 1 design.
Current design is 'PARITY_CALC'.
PARITY_CALC
read_file -format $file_format mux2X1.v
Loading verilog file '/home/IC/UART_TX/Ass_DFT_1.0/rtl/mux2X1.v'
Detecting input file type automatically (-rtl or -netlist).
Reading with Presto HDL Compiler (equivalent to -rtl option).
Running PRESTO HDLC
Compiling source file /home/IC/UART_TX/Ass_DFT_1.0/rtl/mux2X1.v
Presto compilation completed successfully.
Current design is now '/home/IC/UART_TX/Ass_DFT_1.0/rtl/mux2X1.db:mux2X1'
Loaded 1 design.
Current design is 'mux2X1'.
mux2X1
read_file -format $file_format SERIALIZER.v
Loading verilog file '/home/IC/UART_TX/Ass_DFT_1.0/rtl/SERIALIZER.v'
Detecting input file type automatically (-rtl or -netlist).
Reading with Presto HDL Compiler (equivalent to -rtl option).
Running PRESTO HDLC
Compiling source file /home/IC/UART_TX/Ass_DFT_1.0/rtl/SERIALIZER.v

Inferred memory devices in process
	in routine SERIALIZER line 12 in file
		'/home/IC/UART_TX/Ass_DFT_1.0/rtl/SERIALIZER.v'.
===============================================================================
|    Register Name    |   Type    | Width | Bus | MB | AR | AS | SR | SS | ST |
===============================================================================
|   serial_data_reg   | Flip-flop |   8   |  Y  | N  | Y  | N  | N  | N  | N  |
|    ser_data_reg     | Flip-flop |   1   |  N  | N  | Y  | N  | N  | N  | N  |
===============================================================================

Inferred memory devices in process
	in routine SERIALIZER line 29 in file
		'/home/IC/UART_TX/Ass_DFT_1.0/rtl/SERIALIZER.v'.
===============================================================================
|    Register Name    |   Type    | Width | Bus | MB | AR | AS | SR | SS | ST |
===============================================================================
|     counter_reg     | Flip-flop |   4   |  Y  | N  | Y  | N  | N  | N  | N  |
===============================================================================
Presto compilation completed successfully.
Current design is now '/home/IC/UART_TX/Ass_DFT_1.0/rtl/SERIALIZER.db:SERIALIZER'
Loaded 1 design.
Current design is 'SERIALIZER'.
SERIALIZER
read_file -format $file_format UART_TX_TOP.v
Loading verilog file '/home/IC/UART_TX/Ass_DFT_1.0/rtl/UART_TX_TOP.v'
Detecting input file type automatically (-rtl or -netlist).
Running DC verilog reader
Performing 'read' command.
Compiling source file /home/IC/UART_TX/Ass_DFT_1.0/rtl/UART_TX_TOP.v
Reading with netlist reader (equivalent to -netlist option).
Verilog netlist reader completed successfully.
Current design is now '/home/IC/UART_TX/Ass_DFT_1.0/rtl/UART_TX_TOP.db:UART_TX_TOP'
Loaded 1 design.
Current design is 'UART_TX_TOP'.
UART_TX_TOP
###################### Defining toplevel ###################################
current_design $top_module
Current design is 'UART_TX_TOP'.
{UART_TX_TOP}
#################### Liniking All The Design Parts #########################
puts "###############################################"
###############################################
puts "######## Liniking All The Design Parts ########"
######## Liniking All The Design Parts ########
puts "###############################################"
###############################################
link 

  Linking design 'UART_TX_TOP'
  Using the following designs and libraries:
  --------------------------------------------------------------------------
  * (6 designs)               /home/IC/UART_TX/Ass_DFT_1.0/rtl/UART_TX_TOP.db, etc
  scmetro_tsmc_cl013g_rvt_ss_1p08v_125c (library) /home/IC/UART_TX/Ass_DFT_1.0/std_cells/scmetro_tsmc_cl013g_rvt_ss_1p08v_125c.db
  scmetro_tsmc_cl013g_rvt_tt_1p2v_25c (library) /home/IC/UART_TX/Ass_DFT_1.0/std_cells/scmetro_tsmc_cl013g_rvt_tt_1p2v_25c.db
  scmetro_tsmc_cl013g_rvt_ff_1p32v_m40c (library) /home/IC/UART_TX/Ass_DFT_1.0/std_cells/scmetro_tsmc_cl013g_rvt_ff_1p32v_m40c.db

1
#################### Liniking All The Design Parts #########################
puts "###############################################"
###############################################
puts "######## checking design consistency ##########"
######## checking design consistency ##########
puts "###############################################"
###############################################
check_design
 
****************************************
check_design summary:
Version:     K-2015.06
Date:        Fri Sep 12 05:19:51 2025
****************************************

                   Name                                            Total
--------------------------------------------------------------------------------
Inputs/Outputs                                                      3
    Unconnected ports (LINT-28)                                     3

Cells                                                               1
    Cells do not drive (LINT-1)                                     1
--------------------------------------------------------------------------------

Warning: In design 'SERIALIZER', cell 'C119' does not drive any nets. (LINT-1)
Warning: In design 'UART_TX_TOP', port 'SI' is not connected to any nets. (LINT-28)
Warning: In design 'UART_TX_TOP', port 'SE' is not connected to any nets. (LINT-28)
Warning: In design 'UART_TX_TOP', port 'SO' is not connected to any nets. (LINT-28)
1
############################### Path groups ################################
puts "###############################################"
###############################################
puts "################ Path groups ##################"
################ Path groups ##################
puts "###############################################"
###############################################
group_path -name INREG -from [all_inputs]
1
group_path -name REGOUT -to [all_outputs]
1
group_path -name INOUT -from [all_inputs] -to [all_outputs]
1
#################### Define Design Constraints #########################
puts "###############################################"
###############################################
puts "############ Design Constraints #### ##########"
############ Design Constraints #### ##########
puts "###############################################"
###############################################
source -echo ./cons.tcl
# Constraints
# ----------------------------------------------------------------------------
#
# 1. Master Clock Definitions
#
# 2. Generated Clock Definitions
#
# 3. Clock Uncertainties
#
# 4. Clock Latencies 
#
# 5. Clock Relationships
#
# 6. set input/output delay on ports
#
# 7. Driving cells
#
# 8. Output load
####################################################################################
#########################################################
#### Section 1 : Clock Definition ####
#########################################################
#################################################################################### 
# 1. Master Clock Definitions 
# 2. Generated Clock Definitions
# 3. Clock Latencies
# 4. Clock Uncertainties
# 4. Clock Transitions
####################################################################################
set CLK_NAME CLK
set CLK_PER 8680.555556
set CLK_SETUP_SKEW 0.25
set CLK_HOLD_SKEW 0.05
set CLK_LAT 0
set CLK_RISE 0.1
set CLK_FALL 0.1
create_clock -name $CLK_NAME -period $CLK_PER -waveform "0 [expr $CLK_PER/2]" [get_ports CLK]
set_clock_uncertainty -setup $CLK_SETUP_SKEW [get_clocks $CLK_NAME]
set_clock_uncertainty -hold $CLK_HOLD_SKEW  [get_clocks $CLK_NAME]
set_clock_transition -rise $CLK_RISE  [get_clocks $CLK_NAME]
set_clock_transition -fall $CLK_FALL  [get_clocks $CLK_NAME]
set_clock_latency $CLK_LAT [get_clocks $CLK_NAME]
set_dont_touch_network CLK
create_clock -name scan_clk -period 10000 -waveform "0 [ expr 10000/2]" [get_ports scan_clk]
set_clock_uncertainty -setup 0.025 [get_clocks scan_clk]
set_clock_uncertainty -hold 0.01  [get_clocks scan_clk]
set_clock_transition -rise $CLK_RISE  [get_clocks scan_clk]
set_clock_transition -fall $CLK_FALL  [get_clocks scan_clk]
set_clock_latency $CLK_LAT [get_clocks scan_clk]
set_dont_touch_network scan_clk
####################################################################################
#########################################################
#### Section 2 : Clocks Relationships ####
#########################################################
####################################################################################
####################################################################################
#########################################################
#### Section 3 : set input/output delay on ports ####
#########################################################
####################################################################################
set in_delay  [expr 0.3*$CLK_PER]
set out_delay [expr 0.3*$CLK_PER]
set in2_delay  [expr 0.3*10000]
set out2_delay [expr 0.3*10000]
#Constrain Input Paths
set_input_delay $in_delay -clock $CLK_NAME [get_port DATA_VALID]
set_input_delay $in_delay -clock $CLK_NAME [get_port PAR_EN]
set_input_delay $in_delay -clock $CLK_NAME [get_port PAR_TYP]
set_input_delay $in_delay -clock $CLK_NAME [get_port P_DATA]
set_input_delay $in2_delay -clock scan_clk [get_port SI]
set_input_delay $in2_delay -clock scan_clk [get_port SE]
set_input_delay $in2_delay -clock scan_clk [get_port test_mode]
#Constrain Output Paths
set_output_delay $out_delay -clock $CLK_NAME [get_port TX_OUT]
set_output_delay $out_delay -clock $CLK_NAME [get_port busy]
set_output_delay $out2_delay -clock scan_clk [get_port SO]
####################################################################################
#########################################################
#### Section 4 : Driving cells ####
#########################################################
####################################################################################
set_driving_cell -library scmetro_tsmc_cl013g_rvt_ss_1p08v_125c -lib_cell BUFX2M -pin Y [get_port  DATA_VALID]
Warning: Design rule attributes from the driving cell will be
	set on the port. (UID-401)
set_driving_cell -library scmetro_tsmc_cl013g_rvt_ss_1p08v_125c -lib_cell BUFX2M -pin Y [get_port PAR_EN]
Warning: Design rule attributes from the driving cell will be
	set on the port. (UID-401)
set_driving_cell -library scmetro_tsmc_cl013g_rvt_ss_1p08v_125c -lib_cell BUFX2M -pin Y [get_port PAR_TYP]
Warning: Design rule attributes from the driving cell will be
	set on the port. (UID-401)
set_driving_cell -library scmetro_tsmc_cl013g_rvt_ss_1p08v_125c -lib_cell BUFX2M -pin Y [get_port P_DATA]
Warning: Design rule attributes from the driving cell will be
	set on the port. (UID-401)
Warning: Design rule attributes from the driving cell will be
	set on the port. (UID-401)
Warning: Design rule attributes from the driving cell will be
	set on the port. (UID-401)
Warning: Design rule attributes from the driving cell will be
	set on the port. (UID-401)
Warning: Design rule attributes from the driving cell will be
	set on the port. (UID-401)
Warning: Design rule attributes from the driving cell will be
	set on the port. (UID-401)
Warning: Design rule attributes from the driving cell will be
	set on the port. (UID-401)
Warning: Design rule attributes from the driving cell will be
	set on the port. (UID-401)
set_driving_cell -library scmetro_tsmc_cl013g_rvt_ss_1p08v_125c -lib_cell BUFX2M -pin Y [get_port SI]
Warning: Design rule attributes from the driving cell will be
	set on the port. (UID-401)
set_driving_cell -library scmetro_tsmc_cl013g_rvt_ss_1p08v_125c -lib_cell BUFX2M -pin Y [get_port SE]
Warning: Design rule attributes from the driving cell will be
	set on the port. (UID-401)
set_driving_cell -library scmetro_tsmc_cl013g_rvt_ss_1p08v_125c -lib_cell BUFX2M -pin Y [get_port test_mode]
Warning: Design rule attributes from the driving cell will be
	set on the port. (UID-401)
####################################################################################
#########################################################
#### Section 5 : Output load ####
#########################################################
####################################################################################
set_load 0.5  [get_port TX_OUT]
set_load 0.5 [get_port busy]
set_load 0.1 [get_port SO]
####################################################################################
#########################################################
#### Section 6 : Operating Condition ####
#########################################################
####################################################################################
# Define the Worst Library for Max(#setup) analysis
# Define the Best Library for Min(hold) analysis
set_operating_conditions -min_library "scmetro_tsmc_cl013g_rvt_ff_1p32v_m40c" -min "scmetro_tsmc_cl013g_rvt_ff_1p32v_m40c" -max_library "scmetro_tsmc_cl013g_rvt_ss_1p08v_125c" -max "scmetro_tsmc_cl013g_rvt_ss_1p08v_125c"
Using operating conditions 'scmetro_tsmc_cl013g_rvt_ss_1p08v_125c' found in library 'scmetro_tsmc_cl013g_rvt_ss_1p08v_125c'.
Using operating conditions 'scmetro_tsmc_cl013g_rvt_ff_1p32v_m40c' found in library 'scmetro_tsmc_cl013g_rvt_ff_1p32v_m40c'.
####################################################################################
#########################################################
#### Section 7 : wireload Model ####
#########################################################
####################################################################################
set_wire_load_model -name tsmc13_wl30 -library scmetro_tsmc_cl013g_rvt_ss_1p08v_125c
####################################################################################
#########################################################
#### Section 8 : multicycle path ####
#########################################################
####################################################################################
set_case_analysis 0 [get_ports test_mode]
1
###################### Mapping and optimization ########################
puts "###############################################"
###############################################
puts "########## Mapping & Optimization #############"
########## Mapping & Optimization #############
puts "###############################################"
###############################################
compile -scan
Information: Choosing a test methodology will restrict the optimization of sequential cells. (UIO-12)
Information: Evaluating DesignWare library utilization. (UISN-27)

============================================================================
| DesignWare Building Block Library  |         Version         | Available |
============================================================================
| Basic DW Building Blocks           | K-2015.06-DWBB_201506.0 |     *     |
| Licensed DW Building Blocks        |                         |           |
============================================================================


Information: There are 4 potential problems in your design. Please run 'check_design' for more information. (LINT-99)


Warning: Operating condition scmetro_tsmc_cl013g_rvt_ss_1p08v_125c set on design UART_TX_TOP has different process,
voltage and temperatures parameters than the parameters at which target library 
scmetro_tsmc_cl013g_rvt_tt_1p2v_25c is characterized. Delays may be inaccurate as a result. (OPT-998)

  Beginning Pass 1 Mapping
  ------------------------
  Processing 'mux2X1_0'
  Processing 'mux2X1_1'
  Processing 'FSM'
  Processing 'PARITY_CALC'
  Processing 'MUX'
  Processing 'SERIALIZER'
  Processing 'UART_TX_TOP'

  Updating timing information
Information: Updating design information... (UID-85)

  Beginning Implementation Selection
  ----------------------------------

  Beginning Mapping Optimizations  (Medium effort)
  -------------------------------

                                  TOTAL                                      
   ELAPSED            WORST NEG   SETUP    DESIGN                            
    TIME      AREA      SLACK     COST    RULE COST         ENDPOINT         
  --------- --------- --------- --------- --------- -------------------------
    0:00:06   31078.1      0.00       0.0       3.7                          
    0:00:07   31078.1      0.00       0.0       3.7                          
    0:00:07   31078.1      0.00       0.0       3.7                          
    0:00:07   31078.1      0.00       0.0       3.7                          
    0:00:07   31078.1      0.00       0.0       3.7                          
    0:00:07   30419.2      0.00       0.0       3.6                          
    0:00:07   30402.7      0.00       0.0       3.6                          
    0:00:07   30402.7      0.00       0.0       3.6                          
    0:00:07   30402.7      0.00       0.0       3.6                          
    0:00:07   30402.7      0.00       0.0       3.6                          
    0:00:07   30402.7      0.00       0.0       3.6                          
    0:00:07   30492.1      0.00       0.0       1.4                          
    0:00:07   30634.5      0.00       0.0       0.0                          
    0:00:07   30634.5      0.00       0.0       0.0                          
    0:00:07   30634.5      0.00       0.0       0.0                          
    0:00:07   30634.5      0.00       0.0       0.0                          



  Beginning Delay Optimization Phase
  ----------------------------------

                                  TOTAL                                      
   ELAPSED            WORST NEG   SETUP    DESIGN                            
    TIME      AREA      SLACK     COST    RULE COST         ENDPOINT         
  --------- --------- --------- --------- --------- -------------------------
    0:00:07   30634.5      0.00       0.0       0.0                          
    0:00:07   30634.5      0.00       0.0       0.0                          
    0:00:08   27792.1      0.00       0.0       2.5                          


  Beginning Design Rule Fixing  (max_transition)  (max_capacitance)
  ----------------------------

                                  TOTAL                                      
   ELAPSED            WORST NEG   SETUP    DESIGN                            
    TIME      AREA      SLACK     COST    RULE COST         ENDPOINT         
  --------- --------- --------- --------- --------- -------------------------
    0:00:08   27792.1      0.00       0.0       2.5                          
    0:00:08   27803.9      0.00       0.0       0.0                          


  Beginning Area-Recovery Phase  (cleanup)
  -----------------------------

                                  TOTAL                                      
   ELAPSED            WORST NEG   SETUP    DESIGN                            
    TIME      AREA      SLACK     COST    RULE COST         ENDPOINT         
  --------- --------- --------- --------- --------- -------------------------
    0:00:08   27803.9      0.00       0.0       0.0                          
    0:00:08   27803.9      0.00       0.0       0.0                          
    0:00:08   27514.5      0.00       0.0       0.0                          
    0:00:08   27514.5      0.00       0.0       0.0                          
    0:00:08   27514.5      0.00       0.0       0.0                          
    0:00:08   27514.5      0.00       0.0       0.0                          
    0:00:08   27514.5      0.00       0.0       0.0                          
    0:00:08   27487.4      0.00       0.0       0.0                          
    0:00:08   27487.4      0.00       0.0       0.0                          
    0:00:08   27487.4      0.00       0.0       0.0                          
    0:00:08   27487.4      0.00       0.0       0.0                          
    0:00:08   27487.4      0.00       0.0       0.0                          
    0:00:08   27487.4      0.00       0.0       0.0                          
    0:00:08   27487.4      0.00       0.0       0.0                          
Loading db file '/home/IC/UART_TX/Ass_DFT_1.0/std_cells/scmetro_tsmc_cl013g_rvt_ss_1p08v_125c.db'
Loading db file '/home/IC/UART_TX/Ass_DFT_1.0/std_cells/scmetro_tsmc_cl013g_rvt_tt_1p2v_25c.db'
Loading db file '/home/IC/UART_TX/Ass_DFT_1.0/std_cells/scmetro_tsmc_cl013g_rvt_ff_1p32v_m40c.db'


Note: Symbol # after min delay cost means estimated hold TNS across all active scenarios 


  Optimization Complete
  ---------------------
1
#############################################################################
# Write out Design after initial compile
#############################################################################
set_scan_configuration -clock_mixing no_mix -style multiplexed_flip_flop -replace true -max_length 100
Accepted scan configuration for modes: all_dft
1
set test_default_period 100
100
set test_default_delay 0
0
set test_default_bidir_delay 0
0
set test_default_strobe 20
20
set test_default_strobe_width 0
0
########################## Define DFT Signals ##########################
set_dft_signal -port [get_port scan_clk] -type ScanClock -view existing_dft -timing {30 60} 
Accepted dft signal specification for modes: all_dft
1
set_dft_signal -port [get_port scan_rst] -type Reset -view existing_dft -active_state 0
Accepted dft signal specification for modes: all_dft
1
set_dft_signal -port [get_port test_mode] -type Constant -view existing_dft -active_state 1
Accepted dft signal specification for modes: all_dft
1
set_dft_signal -port [get_port test_mode] -type TestMode -view spec  -active_state 1
Accepted dft signal specification for modes: all_dft
1
set_dft_signal -port [get_port SE] -type ScanEnable -view spec -active_state 1 -usage scan
Accepted dft signal specification for modes: all_dft
1
set_dft_signal -port [get_port SI] -type ScanDataIn -view spec
Accepted dft signal specification for modes: all_dft
1
set_dft_signal -port [get_port SO] -type ScanDataOut -view spec
Accepted dft signal specification for modes: all_dft
1
############################# Create Test Protocol #####################
create_test_protocol                                    
In mode: all_dft...

Information: Starting test protocol creation. (TEST-219)
  ...reading user specified clock signals...
Information: Identified system/test clock port scan_clk (30.0,60.0). (TEST-265)
  ...reading user specified asynchronous signals...
Information: Identified active low asynchronous control port scan_rst. (TEST-266)
1
###################### Pre-DFT Design Rule Checking ####################
dft_drc -verbose
In mode: all_dft...
  Pre-DFT DRC enabled

Information: Starting test design rule checking. (TEST-222)
  Loading test protocol
  ...basic checks...
  ...basic sequential cell checks...
  	...checking for scan equivalents...
  ...checking vector rules...
  ...checking pre-dft rules...

-----------------------------------------------------------------
  DRC Report

  Total violations: 0

-----------------------------------------------------------------


Test Design rule checking did not find violations

-----------------------------------------------------------------
  Sequential Cell Report

  0 out of 17 sequential cells have violations

-----------------------------------------------------------------

SEQUENTIAL CELLS WITHOUT VIOLATIONS
      *  17 cells are valid scan cells
         ser/serial_data_reg[7]
         ser/counter_reg[3]
         ser/ser_data_reg
         ser/serial_data_reg[6]
         ser/serial_data_reg[5]
         ser/serial_data_reg[4]
         ser/serial_data_reg[3]
         ser/serial_data_reg[2]
         ser/serial_data_reg[1]
         ser/serial_data_reg[0]
         ser/counter_reg[1]
         ser/counter_reg[0]
         ser/counter_reg[2]
         par/PAR_BIT_reg
         fsm/cs_reg[1]
         fsm/cs_reg[0]
         fsm/cs_reg[2]

Information: Test design rule checking completed. (TEST-123)
1
############################# Preview DFT ##############################
preview_dft -show scan_summary
  Information: Using test design rule information from previous dft_drc run.
  Architecting Scan Chains

****************************************
Preview_dft report
For    : 'Insert_dft' command
Design : UART_TX_TOP
Version: K-2015.06
Date   : Fri Sep 12 05:20:16 2025
****************************************

Number of chains: 1
Scan methodology: full_scan
Scan style: multiplexed_flip_flop
Clock domain: no_mix

Chain      Scan Ports (si --> so)        # of Cells   Inst/Chain               Clock (port, time, edge)
-----      ----------------------        ----------   ----------               ------------------------
S 1        SI -->  SO                            17   fsm/cs_reg[0]            (scan_clk, 30.0, rising) 
1
############################# Insert DFT ###############################
insert_dft
Loading db file '/home/IC/UART_TX/Ass_DFT_1.0/std_cells/scmetro_tsmc_cl013g_rvt_ss_1p08v_125c.db'
Loading db file '/home/IC/UART_TX/Ass_DFT_1.0/std_cells/scmetro_tsmc_cl013g_rvt_tt_1p2v_25c.db'
Loading db file '/home/IC/UART_TX/Ass_DFT_1.0/std_cells/scmetro_tsmc_cl013g_rvt_ff_1p32v_m40c.db'
  Information: Using test design rule information from previous dft_drc run.
  Architecting Scan Chains
  Routing Scan Chains
  Routing Global Signals
  Mapping New Logic
Resetting current test mode
  Beginning Mapping Optimizations
  -------------------------------

                                  TOTAL                                      
   ELAPSED            WORST NEG   SETUP    DESIGN                            
    TIME      AREA      SLACK     COST    RULE COST         ENDPOINT         
  --------- --------- --------- --------- --------- -------------------------


  Beginning Phase 1 Design Rule Fixing  (max_transition)  (max_capacitance)
  ------------------------------------

                                  TOTAL                                      
   ELAPSED            WORST NEG   SETUP    DESIGN                            
    TIME      AREA      SLACK     COST    RULE COST         ENDPOINT         
  --------- --------- --------- --------- --------- -------------------------
    0:00:29   32387.4   2934.43   55748.2       4.2 ser/serial_data[7]       
    0:00:29   32555.7   2932.29   55707.5       0.0 fsm/cs_reg[0]/SE         
    0:00:29   32723.9   2932.03   55707.2       0.0 SO                       

1
######################## Optimize Logic post DFT #######################
compile -scan -incremental
Information: Choosing a test methodology will restrict the optimization of sequential cells. (UIO-12)

Warning: Operating condition scmetro_tsmc_cl013g_rvt_ss_1p08v_125c set on design UART_TX_TOP has different process,
voltage and temperatures parameters than the parameters at which target library 
scmetro_tsmc_cl013g_rvt_tt_1p2v_25c is characterized. Delays may be inaccurate as a result. (OPT-998)

  Beginning Pass 1 Mapping  (Incremental)
  ------------------------

  Updating timing information
Information: Updating design information... (UID-85)

  Beginning Mapping Optimizations  (Medium effort)  (Incremental)
  -------------------------------

  Beginning Incremental Implementation Selection
  ----------------------------------------------
Information: compile falsified 19 infeasible paths. (OPT-1720)

  Beginning Delay Optimization Phase
  ----------------------------------

                                  TOTAL                                      
   ELAPSED            WORST NEG   SETUP    DESIGN                            
    TIME      AREA      SLACK     COST    RULE COST         ENDPOINT         
  --------- --------- --------- --------- --------- -------------------------
    0:00:06   32723.9   2932.03   55707.2       0.0                          
    0:00:07   32698.0   2932.03   55707.0       0.0 fsm/cs_reg[0]/SE         
    0:00:07   33122.7   2932.03   55706.8       0.0 ser/counter_reg[0]/SE    
    0:00:09   33131.0   2932.03   55706.6       0.0 SO                       
    0:00:09   33131.0      0.00       0.0       0.0                          
    0:00:09   33131.0      0.00       0.0       0.0                          
    0:00:09   33131.0      0.00       0.0       0.0                          
Loading db file '/home/IC/UART_TX/Ass_DFT_1.0/std_cells/scmetro_tsmc_cl013g_rvt_ss_1p08v_125c.db'
Loading db file '/home/IC/UART_TX/Ass_DFT_1.0/std_cells/scmetro_tsmc_cl013g_rvt_tt_1p2v_25c.db'
Loading db file '/home/IC/UART_TX/Ass_DFT_1.0/std_cells/scmetro_tsmc_cl013g_rvt_ff_1p32v_m40c.db'


Note: Symbol # after min delay cost means estimated hold TNS across all active scenarios 


  Optimization Complete
  ---------------------
1
###################### Design Rule Checking post DFT ###################
dft_drc -verbose -coverage_estimate
In mode: Internal_scan...
  Design has scan chains in this mode
  Design is scan routed
  Post-DFT DRC enabled

Information: Starting test design rule checking. (TEST-222)
  Loading test protocol
  ...basic checks...
  ...basic sequential cell checks...
  ...checking vector rules...
  ...checking clock rules...
  ...checking scan chain rules...
  ...checking scan compression rules...
  ...checking X-state rules...
  ...checking tristate rules...
  ...extracting scan details...

-----------------------------------------------------------------
  DRC Report

  Total violations: 0

-----------------------------------------------------------------


Test Design rule checking did not find violations

-----------------------------------------------------------------
  Sequential Cell Report

  0 out of 17 sequential cells have violations

-----------------------------------------------------------------

SEQUENTIAL CELLS WITHOUT VIOLATIONS
      *  17 cells are valid scan cells
         ser/counter_reg[3]
         ser/ser_data_reg
         ser/serial_data_reg[6]
         ser/serial_data_reg[5]
         ser/serial_data_reg[4]
         ser/serial_data_reg[3]
         ser/serial_data_reg[2]
         ser/serial_data_reg[1]
         ser/serial_data_reg[0]
         ser/counter_reg[0]
         ser/counter_reg[2]
         ser/counter_reg[1]
         ser/serial_data_reg[7]
         par/PAR_BIT_reg
         fsm/cs_reg[2]
         fsm/cs_reg[0]
         fsm/cs_reg[1]

....Inferring feed-through connections....
Information: Test design rule checking completed. (TEST-123)
  Running test coverage estimation...
 640 faults were added to fault list.
 ----------------------------------------------------------
 #patterns     #faults     #ATPG faults  test      process
 stored     detect/active  red/au/abort  coverage  CPU time
 ---------  -------------  ------------  --------  --------
 Begin deterministic ATPG: #uncollapsed_faults=462, abort_limit=10...
 0             420     41         1/0/0    91.86%      0.00
 0              41      0         1/0/0    98.28%      0.00
 
            Pattern Summary Report
 -----------------------------------------------
 #internal patterns                           0
 -----------------------------------------------
 

     Uncollapsed Stuck Fault Summary Report
 -----------------------------------------------
 fault class                     code   #faults
 ------------------------------  ----  ---------
 Detected                         DT        628
 Possibly detected                PT          0
 Undetectable                     UD          1
 ATPG untestable                  AU         11
 Not detected                     ND          0
 -----------------------------------------------
 total faults                               640
 test coverage                            98.28%
 -----------------------------------------------
  Information: The test coverage above may be inferior
               than the real test coverage with customized
               protocol and test simulation library.
1
#############################################################################
# Write out Design after initial compile
#############################################################################
#Avoid Writing assign statements in the netlist
change_name -hier -rule verilog
1
write_file -format verilog -hierarchy -output UART_TX_dft.v
Writing verilog file '/home/IC/UART_TX/Ass_DFT_1.0/dft/UART_TX_dft.v'.
1
####################### reporting ##########################################
report_area -hierarchy > area_dft.rpt
report_power -hierarchy > power_dft.rpt
report_timing -delay_type min > hold_dft.rpt
report_timing -delay_type max > setup_dft.rpt
report_clock -attributes > clocks_dft.rpt
report_constraint -all_violators > constraints_dft.rpt
report_port > ports.rpt
dft_drc -coverage > dft_drc_post_dft.rpt
################# starting graphical user interface #######################
#gui_start
dc_shell> 