Information: Propagating switching activity (low effort zero delay simulation). (PWR-6)
Warning: Design has unannotated primary inputs. (PWR-414)
Warning: Design has unannotated sequential cell outputs. (PWR-415)
 
****************************************
Report : power
        -hier
        -analysis_effort low
Design : UART_TX_TOP
Version: K-2015.06
Date   : Fri Sep 12 05:20:46 2025
****************************************


Library(s) Used:

    scmetro_tsmc_cl013g_rvt_ss_1p08v_125c (File: /home/IC/UART_TX/Ass_DFT_1.0/std_cells/scmetro_tsmc_cl013g_rvt_ss_1p08v_125c.db)


Operating Conditions: scmetro_tsmc_cl013g_rvt_ss_1p08v_125c   Library: scmetro_tsmc_cl013g_rvt_ss_1p08v_125c
Wire Load Model Mode: top

Design        Wire Load Model            Library
------------------------------------------------
UART_TX_TOP            tsmc13_wl30       scmetro_tsmc_cl013g_rvt_ss_1p08v_125c


Global Operating Voltage = 1.08 
Power-specific unit information :
    Voltage Units = 1V
    Capacitance Units = 1.000000pf
    Time Units = 1ns
    Dynamic Power Units = 1mW    (derived from V,C,T units)
    Leakage Power Units = 1pW


--------------------------------------------------------------------------------
                                       Switch   Int      Leak     Total
Hierarchy                              Power    Power    Power    Power    %
--------------------------------------------------------------------------------
UART_TX_TOP                            1.36e-04 6.02e-05 6.85e+05 8.82e-04 100.0
  U8 (mux2X1_0)                        3.96e-06 2.82e-07 2.25e+04 2.68e-05   3.0
  U7 (mux2X1_1)                        7.29e-05 4.80e-06 2.11e+04 9.88e-05  11.2
  fsm (FSM_test_1)                     1.29e-05 8.68e-06 1.24e+05 1.45e-04  16.5
  par (PARITY_CALC_test_1)             5.58e-06 4.93e-06 1.07e+05 1.17e-04  13.3
  mux (MUX)                            5.56e-06 3.59e-07 2.08e+04 2.67e-05   3.0
  ser (SERIALIZER_test_1)              3.17e-05 4.05e-05 3.36e+05 4.08e-04  46.2
1
