Warning: There are infeasible paths detected in your design that were ignored during optimization. Please run 'report_timing -attributes' and/or 'create_qor_snapshot/query_qor_snapshot -infeasible_paths' to identify these paths.  (OPT-1721)
 
****************************************
Report : timing
        -path full
        -delay max
        -max_paths 1
Design : UART_TX_TOP
Version: K-2015.06
Date   : Fri Sep 12 05:20:46 2025
****************************************

Operating Conditions: scmetro_tsmc_cl013g_rvt_ss_1p08v_125c   Library: scmetro_tsmc_cl013g_rvt_ss_1p08v_125c
Wire Load Model Mode: top

  Startpoint: fsm/cs_reg_0_
              (rising edge-triggered flip-flop clocked by CLK)
  Endpoint: ser/serial_data_reg_6_
            (rising edge-triggered flip-flop clocked by CLK)
  Path Group: CLK
  Path Type: max

  Des/Clust/Port     Wire Load Model       Library
  ------------------------------------------------
  UART_TX_TOP        tsmc13_wl30           scmetro_tsmc_cl013g_rvt_ss_1p08v_125c

  Point                                                   Incr       Path
  --------------------------------------------------------------------------
  clock CLK (rise edge)                                   0.00       0.00
  clock network delay (ideal)                             0.00       0.00
  fsm/cs_reg_0_/CK (SDFFRQX2M)                            0.00       0.00 r
  fsm/cs_reg_0_/Q (SDFFRQX2M)                             0.71       0.71 r
  fsm/U4/Y (INVX2M)                                       0.54       1.26 f
  fsm/U7/Y (NOR2X2M)                                      0.90       2.16 r
  fsm/U15/Y (INVX2M)                                      0.73       2.89 f
  fsm/U8/Y (OAI211X2M)                                    0.47       3.36 r
  fsm/U14/Y (BUFX10M)                                     0.83       4.19 r
  fsm/BUSY (FSM_test_1)                                   0.00       4.19 r
  ser/BUSY (SERIALIZER_test_1)                            0.00       4.19 r
  ser/U36/Y (NOR2BX1M)                                    0.46       4.65 f
  ser/U35/Y (CLKBUFX6M)                                   0.84       5.49 f
  ser/U33/Y (NOR2X8M)                                     1.00       6.49 r
  ser/U45/Y (AO22X1M)                                     0.56       7.05 r
  ser/serial_data_reg_6_/D (SDFFRQX2M)                    0.00       7.05 r
  data arrival time                                                  7.05

  clock CLK (rise edge)                                8680.56    8680.56
  clock network delay (ideal)                             0.00    8680.56
  clock uncertainty                                      -0.25    8680.31
  ser/serial_data_reg_6_/CK (SDFFRQX2M)                   0.00    8680.31 r
  library setup time                                     -0.32    8679.98
  data required time                                              8679.98
  --------------------------------------------------------------------------
  data required time                                              8679.98
  data arrival time                                                 -7.05
  --------------------------------------------------------------------------
  slack (MET)                                                     8672.93


  Startpoint: SE (input port clocked by scan_clk)
  Endpoint: ser/counter_reg_0_
            (rising edge-triggered flip-flop clocked by CLK)
  Path Group: INREG
  Path Type: max

  Des/Clust/Port     Wire Load Model       Library
  ------------------------------------------------
  UART_TX_TOP        tsmc13_wl30           scmetro_tsmc_cl013g_rvt_ss_1p08v_125c

  Point                                    Incr       Path
  -----------------------------------------------------------
  clock scan_clk (rise edge)           460000.00  460000.00
  clock network delay (ideal)              0.00   460000.00
  input external delay                  3000.00   463000.00 r
  SE (in)                                  0.22   463000.22 r
  U1/Y (CLKBUFX40M)                        0.41   463000.62 r
  ser/test_se (SERIALIZER_test_1)          0.00   463000.62 r
  ser/counter_reg_0_/SE (SDFFRX2M)         0.00   463000.62 r
  data arrival time                               463000.62

  clock CLK (rise edge)                460069.47  460069.47
  clock network delay (ideal)              0.00   460069.47
  clock uncertainty                       -0.25   460069.22
  ser/counter_reg_0_/CK (SDFFRX2M)         0.00   460069.22 r
  library setup time                      -0.64   460068.59
  data required time                              460068.59
  -----------------------------------------------------------
  data required time                              460068.59
  data arrival time                               -463000.62
  -----------------------------------------------------------
  slack (VIOLATED)                                -2932.03


  Startpoint: ser/serial_data_reg_7_
              (rising edge-triggered flip-flop clocked by CLK)
  Endpoint: SO (output port clocked by scan_clk)
  Path Group: REGOUT
  Path Type: max

  Des/Clust/Port     Wire Load Model       Library
  ------------------------------------------------
  UART_TX_TOP        tsmc13_wl30           scmetro_tsmc_cl013g_rvt_ss_1p08v_125c

  Point                                                   Incr       Path
  --------------------------------------------------------------------------
  clock CLK (rise edge)                               789931.06  789931.06
  clock network delay (ideal)                             0.00   789931.06
  ser/serial_data_reg_7_/CK (SDFFRHQX8M)                  0.00   789931.06 r
  ser/serial_data_reg_7_/Q (SDFFRHQX8M)                   0.62   789931.69 r
  ser/test_so (SERIALIZER_test_1)                         0.00   789931.69 r
  SO (out)                                                0.00   789931.69 r
  data arrival time                                              789931.69

  clock scan_clk (rise edge)                          790000.00  790000.00
  clock network delay (ideal)                             0.00   790000.00
  clock uncertainty                                      -0.03   790000.00
  output external delay                               -3000.00   787000.00
  data required time                                             787000.00
  --------------------------------------------------------------------------
  data required time                                             787000.00
  data arrival time                                              -789931.69
  --------------------------------------------------------------------------
  slack (VIOLATED)                                               -2931.69


1
