 
****************************************
Report : timing
        -path full
        -delay min
        -max_paths 1
Design : SYS_TOP
Version: K-2015.06
Date   : Wed Oct  1 21:23:06 2025
****************************************

Operating Conditions: scmetro_tsmc_cl013g_rvt_ff_1p32v_m40c   Library: scmetro_tsmc_cl013g_rvt_ff_1p32v_m40c
Wire Load Model Mode: top

  Startpoint: alu/ALU_OUT_reg[0]
              (rising edge-triggered flip-flop clocked by ALU_CLK)
  Endpoint: alu/ALU_OUT_reg[0]
            (rising edge-triggered flip-flop clocked by ALU_CLK)
  Path Group: ALU_CLK
  Path Type: min

  Point                                    Incr       Path
  -----------------------------------------------------------
  clock ALU_CLK (rise edge)                0.00       0.00
  clock network delay (ideal)              0.00       0.00
  alu/ALU_OUT_reg[0]/CK (DFFRQX2M)         0.00       0.00 r
  alu/ALU_OUT_reg[0]/Q (DFFRQX2M)          0.37       0.37 r
  alu/U78/Y (AO22X1M)                      0.14       0.50 r
  alu/ALU_OUT_reg[0]/D (DFFRQX2M)          0.00       0.50 r
  data arrival time                                   0.50

  clock ALU_CLK (rise edge)                0.00       0.00
  clock network delay (ideal)              0.00       0.00
  clock uncertainty                        0.10       0.10
  alu/ALU_OUT_reg[0]/CK (DFFRQX2M)         0.00       0.10 r
  library hold time                       -0.17      -0.07
  data required time                                 -0.07
  -----------------------------------------------------------
  data required time                                 -0.07
  data arrival time                                  -0.50
  -----------------------------------------------------------
  slack (MET)                                         0.57


  Startpoint: data_sync/en/SYNC_REG_reg[1]
              (rising edge-triggered flip-flop clocked by REF_CLK)
  Endpoint: data_sync/en/SYNC_REG_reg[0]
            (rising edge-triggered flip-flop clocked by REF_CLK)
  Path Group: REF_CLK
  Path Type: min

  Point                                                   Incr       Path
  --------------------------------------------------------------------------
  clock REF_CLK (rise edge)                               0.00       0.00
  clock network delay (ideal)                             0.00       0.00
  data_sync/en/SYNC_REG_reg[1]/CK (DFFRQX2M)              0.00       0.00 r
  data_sync/en/SYNC_REG_reg[1]/Q (DFFRQX2M)               0.46       0.46 f
  data_sync/en/SYNC_REG_reg[0]/D (DFFRQX2M)               0.00       0.46 f
  data arrival time                                                  0.46

  clock REF_CLK (rise edge)                               0.00       0.00
  clock network delay (ideal)                             0.00       0.00
  clock uncertainty                                       0.10       0.10
  data_sync/en/SYNC_REG_reg[0]/CK (DFFRQX2M)              0.00       0.10 r
  library hold time                                      -0.02       0.08
  data required time                                                 0.08
  --------------------------------------------------------------------------
  data required time                                                 0.08
  data arrival time                                                 -0.46
  --------------------------------------------------------------------------
  slack (MET)                                                        0.38


  Startpoint: uart/rx/edge_bit/bit_cnt_reg[3]
              (rising edge-triggered flip-flop clocked by RX_CLK)
  Endpoint: uart/rx/edge_bit/bit_cnt_reg[3]
            (rising edge-triggered flip-flop clocked by RX_CLK)
  Path Group: RX_CLK
  Path Type: min

  Point                                                   Incr       Path
  --------------------------------------------------------------------------
  clock RX_CLK (rise edge)                                0.00       0.00
  clock network delay (ideal)                             0.00       0.00
  uart/rx/edge_bit/bit_cnt_reg[3]/CK (DFFRX1M)            0.00       0.00 r
  uart/rx/edge_bit/bit_cnt_reg[3]/QN (DFFRX1M)            0.38       0.38 r
  uart/rx/edge_bit/U19/Y (MXI2X1M)                        0.07       0.45 f
  uart/rx/edge_bit/bit_cnt_reg[3]/D (DFFRX1M)             0.00       0.45 f
  data arrival time                                                  0.45

  clock RX_CLK (rise edge)                                0.00       0.00
  clock network delay (ideal)                             0.00       0.00
  clock uncertainty                                       0.10       0.10
  uart/rx/edge_bit/bit_cnt_reg[3]/CK (DFFRX1M)            0.00       0.10 r
  library hold time                                      -0.02       0.08
  data required time                                                 0.08
  --------------------------------------------------------------------------
  data required time                                                 0.08
  data arrival time                                                 -0.45
  --------------------------------------------------------------------------
  slack (MET)                                                        0.38


  Startpoint: busy_pulse_gen/PULSE_FLOP_reg
              (rising edge-triggered flip-flop clocked by TX_CLK)
  Endpoint: busy_pulse_gen/enable_pulse_reg
            (rising edge-triggered flip-flop clocked by TX_CLK)
  Path Group: TX_CLK
  Path Type: min

  Point                                                   Incr       Path
  --------------------------------------------------------------------------
  clock TX_CLK (rise edge)                                0.00       0.00
  clock network delay (ideal)                             0.00       0.00
  busy_pulse_gen/PULSE_FLOP_reg/CK (DFFRQX2M)             0.00       0.00 r
  busy_pulse_gen/PULSE_FLOP_reg/Q (DFFRQX2M)              0.36       0.36 r
  busy_pulse_gen/U3/Y (NOR2BX2M)                          0.04       0.40 f
  busy_pulse_gen/enable_pulse_reg/D (DFFRQX2M)            0.00       0.40 f
  data arrival time                                                  0.40

  clock TX_CLK (rise edge)                                0.00       0.00
  clock network delay (ideal)                             0.00       0.00
  clock uncertainty                                       0.10       0.10
  busy_pulse_gen/enable_pulse_reg/CK (DFFRQX2M)           0.00       0.10 r
  library hold time                                      -0.02       0.08
  data required time                                                 0.08
  --------------------------------------------------------------------------
  data required time                                                 0.08
  data arrival time                                                 -0.40
  --------------------------------------------------------------------------
  slack (MET)                                                        0.33


  Startpoint: rst_sync_d2/SYNC_REG_reg[1]/CK
              (internal path startpoint clocked by UART_CLK)
  Endpoint: rst_sync_d2/SYNC_REG_reg[0]
            (rising edge-triggered flip-flop clocked by UART_CLK)
  Path Group: UART_CLK
  Path Type: min

  Point                                                   Incr       Path
  --------------------------------------------------------------------------
  clock UART_CLK (rise edge)                              0.00       0.00
  clock network delay (ideal)                             0.00       0.00
  input external delay                                    0.00       0.00 r
  rst_sync_d2/SYNC_REG_reg[1]/CK (DFFRQX2M)               0.00       0.00 r
  rst_sync_d2/SYNC_REG_reg[1]/Q (DFFRQX2M)                0.46       0.46 f
  rst_sync_d2/SYNC_REG_reg[0]/D (DFFRQX1M)                0.00       0.46 f
  data arrival time                                                  0.46

  clock UART_CLK (rise edge)                              0.00       0.00
  clock network delay (ideal)                             0.00       0.00
  clock uncertainty                                       0.10       0.10
  rst_sync_d2/SYNC_REG_reg[0]/CK (DFFRQX1M)               0.00       0.10 r
  library hold time                                       0.00       0.10
  data required time                                                 0.10
  --------------------------------------------------------------------------
  data required time                                                 0.10
  data arrival time                                                 -0.46
  --------------------------------------------------------------------------
  slack (MET)                                                        0.36


1
