Loading db file '/home/IC/tsmc_fb_cl013g_sc/aci/sc-m/synopsys/scmetro_tsmc_cl013g_rvt_ss_1p08v_125c.db'
Information: Propagating switching activity (low effort zero delay simulation). (PWR-6)
Warning: Design has unannotated primary inputs. (PWR-414)
Warning: Design has unannotated sequential cell outputs. (PWR-415)
 
****************************************
Report : power
        -hier
        -analysis_effort low
Design : SYS_TOP
Version: K-2015.06
Date   : Wed Oct  1 21:23:06 2025
****************************************


Library(s) Used:

    scmetro_tsmc_cl013g_rvt_ss_1p08v_125c (File: /home/IC/tsmc_fb_cl013g_sc/aci/sc-m/synopsys/scmetro_tsmc_cl013g_rvt_ss_1p08v_125c.db)


Operating Conditions: scmetro_tsmc_cl013g_rvt_ss_1p08v_125c   Library: scmetro_tsmc_cl013g_rvt_ss_1p08v_125c
Wire Load Model Mode: top


Global Operating Voltage = 1.08 
Power-specific unit information :
    Voltage Units = 1V
    Capacitance Units = 1.000000pf
    Time Units = 1ns
    Dynamic Power Units = 1mW    (derived from V,C,T units)
    Leakage Power Units = 1pW


--------------------------------------------------------------------------------
                                       Switch   Int      Leak     Total
Hierarchy                              Power    Power    Power    Power    %
--------------------------------------------------------------------------------
SYS_TOP                                6.00e-03    0.212 1.45e+07    0.233 100.0
  uart (UART_SYS_TOP_DATA_WIDTH8)      3.41e-04 1.96e-03 2.06e+06 4.36e-03   1.9
    rx (UART_RX_TOP_DATA_WIDTH8)       2.94e-04 1.90e-03 1.67e+06 3.87e-03   1.7
      stp_chk (STOP_CHECK)             1.39e-06 5.74e-05 1.46e+05 2.05e-04   0.1
      str_chk (STR_CHECK)              1.39e-06 5.74e-05 1.42e+05 2.01e-04   0.1
      par_chk (PARITY_CHECK)           1.39e-06 5.74e-05 2.38e+05 2.97e-04   0.1
      edge_bit (EDGE_BIT_COUNTER)      9.78e-05 7.29e-04 3.95e+05 1.22e-03   0.5
      de_ser (DE_SERIALIZER_DATA_WIDTH8)
                                       8.12e-07 4.37e-04 2.44e+05 6.81e-04   0.3
      dt_sam (DATA_SAMPLING)           1.57e-05 1.78e-04 2.37e+05 4.31e-04   0.2
      fsm_2 (FSM)                      1.06e-04 3.83e-04 2.60e+05 7.50e-04   0.3
    tx (UART_TX_TOP_DATA_WIDTH8)          0.000 4.92e-05 3.90e+05 4.39e-04   0.2
      fsm_1 (FSM_TX)                      0.000 8.68e-06 7.51e+04 8.38e-05   0.0
      par (PARITY_CALC)                   0.000 2.89e-06 1.10e+05 1.13e-04   0.0
      mux (MUX)                           0.000    0.000 9.90e+03 9.90e-06   0.0
      ser (SERIALIZER_DATA_WIDTH8)        0.000 3.76e-05 1.94e+05 2.32e-04   0.1
  busy_pulse_gen (BUSY_PULSE_GENERATOR)
                                          0.000 5.78e-06 2.20e+04 2.77e-05   0.0
  data_sync (DATA_SYNC_BUS_WIDTH8_NUM_STAGES2)
                                          0.000 8.68e-03 1.72e+05 8.85e-03   3.8
    SYNC (sync_bus_BUS_WIDTH8)            0.000 5.79e-03 1.26e+05 5.91e-03   2.5
    pulse (pulse_generator)               0.000 1.45e-03 2.52e+04 1.47e-03   0.6
    en (enable_sync_NUM_STAGES2)          0.000 1.45e-03 2.07e+04 1.47e-03   0.6
  clk_div_2 (CLOCK_DIV_DIV_WIDTH8_1)   5.19e-05 1.51e-03 8.56e+05 2.42e-03   1.0
    add_58 (CLOCK_DIV_DIV_WIDTH8_1_DW01_inc_0)
                                       5.71e-07 1.64e-06 9.76e+04 9.98e-05   0.0
  clk_div_1 (CLOCK_DIV_DIV_WIDTH8_0)   2.15e-04 1.48e-03 8.70e+05 2.57e-03   1.1
    add_58 (CLOCK_DIV_DIV_WIDTH8_0_DW01_inc_0)
                                          0.000    0.000 9.76e+04 9.76e-05   0.0
  div (input_division_rx_ratio)           0.000    0.000 4.41e+04 4.41e-05   0.0
  fifo (FIFO_TOP_DATA_WIDTH8_ADDR_WIDTH3_BUS_WIDTH4)
                                       1.15e-03 5.81e-02 2.13e+06 6.14e-02  26.4
    wr (FIFO_WR)                          0.000 5.79e-03 2.22e+05 6.01e-03   2.6
    rd (FIFO_RD)                          0.000 2.31e-05 2.24e+05 2.47e-04   0.1
    sync_write (D_SYNC_WR)                0.000 2.31e-05 6.99e+04 9.30e-05   0.0
    sync_read (D_SYNC_RD)                 0.000 5.79e-03 8.27e+04 5.87e-03   2.5
    fifo_mem (FIFO_MEM)                9.10e-04 4.65e-02 1.53e+06 4.89e-02  21.0
  rst_sync_d2 (RST_SYNC_NUM_STAGES2_1) 3.50e-06 2.18e-04 2.28e+04 2.45e-04   0.1
  rst_sync_d1 (RST_SYNC_NUM_STAGES2_0) 1.30e-05 2.24e-03 2.53e+04 2.28e-03   1.0
  alu (ALU_WIDTH8_FUNC4)                  0.000 1.24e-02 4.33e+06 1.67e-02   7.2
    mult_20 (ALU_WIDTH8_FUNC4_DW02_mult_0)
                                          0.000    0.000 1.65e+06 1.65e-03   0.7
    add_18 (ALU_WIDTH8_FUNC4_DW01_add_0)
                                          0.000    0.000 2.05e+05 2.05e-04   0.1
    sub_19 (ALU_WIDTH8_FUNC4_DW01_sub_0)
                                          0.000    0.000 2.48e+05 2.48e-04   0.1
    div_24 (ALU_WIDTH8_FUNC4_DW_div_uns_0)
                                          0.000    0.000 1.24e+06 1.24e-03   0.5
  reg_file (Register_file_ADDR4_DATA_WIDTH8_WIDTH8_DEPTH16)
                                       1.76e-03    0.104 3.19e+06    0.109  46.7
  clk_gate (CLK_GATE)                  1.51e-03 4.65e-03 3.71e+04 6.20e-03   2.7
  control_unit (SYS_CTRL)                 0.000 1.74e-02 6.71e+05 1.80e-02   7.7
1
