 
****************************************
Report : timing
        -path full
        -delay max
        -max_paths 1
Design : SYS_TOP
Version: K-2015.06
Date   : Wed Oct  1 21:23:06 2025
****************************************

Operating Conditions: scmetro_tsmc_cl013g_rvt_ss_1p08v_125c   Library: scmetro_tsmc_cl013g_rvt_ss_1p08v_125c
Wire Load Model Mode: top

  Startpoint: reg_file/Reg_File_reg[1][6]
              (rising edge-triggered flip-flop clocked by REF_CLK)
  Endpoint: alu/ALU_OUT_reg[0]
            (rising edge-triggered flip-flop clocked by ALU_CLK)
  Path Group: ALU_CLK
  Path Type: max

  Point                                                   Incr       Path
  --------------------------------------------------------------------------
  clock REF_CLK (rise edge)                               0.00       0.00
  clock network delay (ideal)                             0.00       0.00
  reg_file/Reg_File_reg[1][6]/CK (DFFRQX2M)               0.00       0.00 r
  reg_file/Reg_File_reg[1][6]/Q (DFFRQX2M)                0.48       0.48 f
  reg_file/REG1[6] (Register_file_ADDR4_DATA_WIDTH8_WIDTH8_DEPTH16)
                                                          0.00       0.48 f
  alu/B[6] (ALU_WIDTH8_FUNC4)                             0.00       0.48 f
  alu/U77/Y (BUFX2M)                                      0.21       0.70 f
  alu/div_24/b[6] (ALU_WIDTH8_FUNC4_DW_div_uns_0)         0.00       0.70 f
  alu/div_24/U72/Y (NOR2X1M)                              0.16       0.86 r
  alu/div_24/U69/Y (AND3X1M)                              0.20       1.06 r
  alu/div_24/U67/Y (AND2X1M)                              0.16       1.22 r
  alu/div_24/U64/Y (AND4X1M)                              0.25       1.47 r
  alu/div_24/U42/Y (CLKMX2X2M)                            0.24       1.71 f
  alu/div_24/u_div/u_fa_PartRem_0_6_1/CO (ADDFX2M)        0.44       2.14 f
  alu/div_24/U65/Y (AND3X1M)                              0.32       2.47 f
  alu/div_24/U48/Y (CLKMX2X2M)                            0.24       2.71 r
  alu/div_24/u_div/u_fa_PartRem_0_5_1/CO (ADDFX2M)        0.49       3.20 r
  alu/div_24/u_div/u_fa_PartRem_0_5_2/CO (ADDFX2M)        0.24       3.43 r
  alu/div_24/U66/Y (AND2X1M)                              0.25       3.69 r
  alu/div_24/U53/Y (CLKMX2X2M)                            0.27       3.95 f
  alu/div_24/u_div/u_fa_PartRem_0_4_1/CO (ADDFX2M)        0.46       4.41 f
  alu/div_24/u_div/u_fa_PartRem_0_4_2/CO (ADDFX2M)        0.33       4.74 f
  alu/div_24/u_div/u_fa_PartRem_0_4_3/CO (ADDFX2M)        0.31       5.04 f
  alu/div_24/U68/Y (AND2X1M)                              0.28       5.33 f
  alu/div_24/U57/Y (CLKMX2X2M)                            0.24       5.57 f
  alu/div_24/u_div/u_fa_PartRem_0_3_1/CO (ADDFX2M)        0.46       6.02 f
  alu/div_24/u_div/u_fa_PartRem_0_3_2/CO (ADDFX2M)        0.33       6.35 f
  alu/div_24/u_div/u_fa_PartRem_0_3_3/CO (ADDFX2M)        0.33       6.68 f
  alu/div_24/u_div/u_fa_PartRem_0_3_4/CO (ADDFX2M)        0.31       6.99 f
  alu/div_24/U70/Y (AND3X1M)                              0.40       7.38 f
  alu/div_24/U60/Y (CLKMX2X2M)                            0.25       7.63 f
  alu/div_24/u_div/u_fa_PartRem_0_2_1/CO (ADDFX2M)        0.46       8.09 f
  alu/div_24/u_div/u_fa_PartRem_0_2_2/CO (ADDFX2M)        0.33       8.42 f
  alu/div_24/u_div/u_fa_PartRem_0_2_3/CO (ADDFX2M)        0.33       8.74 f
  alu/div_24/u_div/u_fa_PartRem_0_2_4/CO (ADDFX2M)        0.33       9.07 f
  alu/div_24/u_div/u_fa_PartRem_0_2_5/CO (ADDFX2M)        0.31       9.38 f
  alu/div_24/U71/Y (AND2X1M)                              0.33       9.71 f
  alu/div_24/U62/Y (CLKMX2X2M)                            0.25       9.96 f
  alu/div_24/u_div/u_fa_PartRem_0_1_1/CO (ADDFX2M)        0.46      10.42 f
  alu/div_24/u_div/u_fa_PartRem_0_1_2/CO (ADDFX2M)        0.33      10.74 f
  alu/div_24/u_div/u_fa_PartRem_0_1_3/CO (ADDFX2M)        0.33      11.07 f
  alu/div_24/u_div/u_fa_PartRem_0_1_4/CO (ADDFX2M)        0.33      11.40 f
  alu/div_24/u_div/u_fa_PartRem_0_1_5/CO (ADDFX2M)        0.33      11.73 f
  alu/div_24/u_div/u_fa_PartRem_0_1_6/CO (ADDFX2M)        0.31      12.04 f
  alu/div_24/U73/Y (AND2X1M)                              0.34      12.38 f
  alu/div_24/U63/Y (CLKMX2X2M)                            0.24      12.62 f
  alu/div_24/u_div/u_fa_PartRem_0_0_1/CO (ADDFX2M)        0.45      13.07 f
  alu/div_24/u_div/u_fa_PartRem_0_0_2/CO (ADDFX2M)        0.33      13.40 f
  alu/div_24/u_div/u_fa_PartRem_0_0_3/CO (ADDFX2M)        0.33      13.73 f
  alu/div_24/u_div/u_fa_PartRem_0_0_4/CO (ADDFX2M)        0.33      14.05 f
  alu/div_24/u_div/u_fa_PartRem_0_0_5/CO (ADDFX2M)        0.33      14.38 f
  alu/div_24/u_div/u_fa_PartRem_0_0_6/CO (ADDFX2M)        0.33      14.71 f
  alu/div_24/u_div/u_fa_PartRem_0_0_7/CO (ADDFX2M)        0.31      15.02 f
  alu/div_24/quotient[0] (ALU_WIDTH8_FUNC4_DW_div_uns_0)
                                                          0.00      15.02 f
  alu/U38/Y (AOI222X1M)                                   0.34      15.36 r
  alu/U79/Y (NAND4BX1M)                                   0.17      15.54 f
  alu/U78/Y (AO22X1M)                                     0.42      15.96 f
  alu/ALU_OUT_reg[0]/D (DFFRQX2M)                         0.00      15.96 f
  data arrival time                                                 15.96

  clock ALU_CLK (rise edge)                              20.00      20.00
  clock network delay (ideal)                             0.00      20.00
  clock uncertainty                                      -0.20      19.80
  alu/ALU_OUT_reg[0]/CK (DFFRQX2M)                        0.00      19.80 r
  library setup time                                     -0.17      19.63
  data required time                                                19.63
  --------------------------------------------------------------------------
  data required time                                                19.63
  data arrival time                                                -15.96
  --------------------------------------------------------------------------
  slack (MET)                                                        3.67


  Startpoint: control_unit/cs_reg[3]
              (rising edge-triggered flip-flop clocked by REF_CLK)
  Endpoint: reg_file/RdData_reg[0]
            (rising edge-triggered flip-flop clocked by REF_CLK)
  Path Group: REF_CLK
  Path Type: max

  Point                                                   Incr       Path
  --------------------------------------------------------------------------
  clock REF_CLK (rise edge)                               0.00       0.00
  clock network delay (ideal)                             0.00       0.00
  control_unit/cs_reg[3]/CK (DFFRQX2M)                    0.00       0.00 r
  control_unit/cs_reg[3]/Q (DFFRQX2M)                     0.51       0.51 f
  control_unit/U33/Y (NOR2X2M)                            0.23       0.75 r
  control_unit/U20/Y (NAND3X2M)                           0.22       0.97 f
  control_unit/U8/Y (NAND2X2M)                            0.14       1.11 r
  control_unit/U47/Y (AOI2BB2XLM)                         0.13       1.24 f
  control_unit/U46/Y (OAI21X2M)                           0.09       1.32 r
  control_unit/RF_Address[0] (SYS_CTRL)                   0.00       1.32 r
  U3/Y (BUFX2M)                                           0.38       1.71 r
  reg_file/Address[0] (Register_file_ADDR4_DATA_WIDTH8_WIDTH8_DEPTH16)
                                                          0.00       1.71 r
  reg_file/U53/Y (INVX2M)                                 0.12       1.83 f
  reg_file/U10/Y (BUFX2M)                                 0.17       2.00 f
  reg_file/U9/Y (INVX2M)                                  0.77       2.77 r
  reg_file/U188/Y (MX4X1M)                                0.49       3.26 f
  reg_file/U195/Y (MX4X1M)                                0.34       3.60 f
  reg_file/RdData_reg[0]/D (EDFFHQX2M)                    0.00       3.60 f
  data arrival time                                                  3.60

  clock REF_CLK (rise edge)                              20.00      20.00
  clock network delay (ideal)                             0.00      20.00
  clock uncertainty                                      -0.20      19.80
  reg_file/RdData_reg[0]/CK (EDFFHQX2M)                   0.00      19.80 r
  library setup time                                     -0.35      19.45
  data required time                                                19.45
  --------------------------------------------------------------------------
  data required time                                                19.45
  data arrival time                                                 -3.60
  --------------------------------------------------------------------------
  slack (MET)                                                       15.84


  Startpoint: UART_RX_IN (input port clocked by UART_CLK)
  Endpoint: uart/rx/edge_bit/bit_cnt_reg[2]
            (rising edge-triggered flip-flop clocked by RX_CLK)
  Path Group: RX_CLK
  Path Type: max

  Point                                                   Incr       Path
  --------------------------------------------------------------------------
  clock UART_CLK (rise edge)                              0.00       0.00
  clock network delay (ideal)                             0.00       0.00
  input external delay                                   54.25      54.25 f
  UART_RX_IN (in)                                         0.01      54.26 f
  U6/Y (BUFX2M)                                           0.16      54.42 f
  uart/RX_IN (UART_SYS_TOP_DATA_WIDTH8)                   0.00      54.42 f
  uart/rx/RX_IN (UART_RX_TOP_DATA_WIDTH8)                 0.00      54.42 f
  uart/rx/fsm_2/RX_IN (FSM)                               0.00      54.42 f
  uart/rx/fsm_2/U14/Y (NOR4BX1M)                          0.31      54.74 r
  uart/rx/fsm_2/U16/Y (INVX2M)                            0.08      54.82 f
  uart/rx/fsm_2/U34/Y (OAI211X2M)                         0.11      54.93 r
  uart/rx/fsm_2/enable_bit (FSM)                          0.00      54.93 r
  uart/rx/edge_bit/enable_bit (EDGE_BIT_COUNTER)          0.00      54.93 r
  uart/rx/edge_bit/U51/Y (CLKINVX1M)                      0.14      55.06 f
  uart/rx/edge_bit/U37/Y (NOR4X1M)                        0.27      55.33 r
  uart/rx/edge_bit/U36/Y (MXI2X1M)                        0.19      55.52 f
  uart/rx/edge_bit/U25/Y (OA21X1M)                        0.42      55.94 f
  uart/rx/edge_bit/U23/Y (OAI21X1M)                       0.09      56.04 r
  uart/rx/edge_bit/U22/Y (OAI2BB2X1M)                     0.17      56.21 r
  uart/rx/edge_bit/bit_cnt_reg[2]/D (DFFRQX2M)            0.00      56.21 r
  data arrival time                                                 56.21

  clock RX_CLK (rise edge)                              271.27     271.27
  clock network delay (ideal)                             0.00     271.27
  clock uncertainty                                      -0.20     271.07
  uart/rx/edge_bit/bit_cnt_reg[2]/CK (DFFRQX2M)           0.00     271.07 r
  library setup time                                     -0.31     270.75
  data required time                                               270.75
  --------------------------------------------------------------------------
  data required time                                               270.75
  data arrival time                                                -56.21
  --------------------------------------------------------------------------
  slack (MET)                                                      214.55


  Startpoint: uart/tx/fsm_1/cs_reg[1]
              (rising edge-triggered flip-flop clocked by TX_CLK)
  Endpoint: UART_TX_O (output port clocked by TX_CLK)
  Path Group: TX_CLK
  Path Type: max

  Point                                                   Incr       Path
  --------------------------------------------------------------------------
  clock TX_CLK (rise edge)                                0.00       0.00
  clock network delay (ideal)                             0.00       0.00
  uart/tx/fsm_1/cs_reg[1]/CK (DFFRQX2M)                   0.00       0.00 r
  uart/tx/fsm_1/cs_reg[1]/Q (DFFRQX2M)                    0.48       0.48 f
  uart/tx/fsm_1/U7/Y (INVX2M)                             0.11       0.59 r
  uart/tx/fsm_1/U4/Y (XNOR2X2M)                           0.12       0.71 r
  uart/tx/fsm_1/U6/Y (NAND2BX2M)                          0.10       0.81 f
  uart/tx/fsm_1/MUX_SEL[0] (FSM_TX)                       0.00       0.81 f
  uart/tx/mux/mux_sel[0] (MUX)                            0.00       0.81 f
  uart/tx/mux/U4/Y (OAI21X2M)                             0.14       0.95 r
  uart/tx/mux/U3/Y (OAI2BB1X2M)                           0.52       1.47 f
  uart/tx/mux/TX_OUT (MUX)                                0.00       1.47 f
  uart/tx/TX_OUT (UART_TX_TOP_DATA_WIDTH8)                0.00       1.47 f
  uart/TX_OUT (UART_SYS_TOP_DATA_WIDTH8)                  0.00       1.47 f
  UART_TX_O (out)                                         0.00       1.47 f
  data arrival time                                                  1.47

  clock TX_CLK (rise edge)                             8680.56    8680.56
  clock network delay (ideal)                             0.00    8680.56
  clock uncertainty                                      -0.20    8680.36
  output external delay                               -1736.30    6944.06
  data required time                                              6944.06
  --------------------------------------------------------------------------
  data required time                                              6944.06
  data arrival time                                                 -1.47
  --------------------------------------------------------------------------
  slack (MET)                                                     6942.58


  Startpoint: clk_div_1/counter_reg[1]
              (rising edge-triggered flip-flop clocked by UART_CLK)
  Endpoint: clk_div_1/counter_reg[0]
            (rising edge-triggered flip-flop clocked by UART_CLK)
  Path Group: UART_CLK
  Path Type: max

  Point                                                   Incr       Path
  --------------------------------------------------------------------------
  clock UART_CLK (rise edge)                              0.00       0.00
  clock network delay (ideal)                             0.00       0.00
  clk_div_1/counter_reg[1]/CK (DFFRQX1M)                  0.00       0.00 r
  clk_div_1/counter_reg[1]/Q (DFFRQX1M)                   0.57       0.57 f
  clk_div_1/U26/Y (INVX2M)                                0.08       0.65 r
  clk_div_1/U81/Y (AOI2BB1X1M)                            0.16       0.82 r
  clk_div_1/U82/Y (AOI222X1M)                             0.13       0.95 f
  clk_div_1/U83/Y (AOI221XLM)                             0.28       1.23 r
  clk_div_1/U84/Y (AOI221XLM)                             0.12       1.35 f
  clk_div_1/U85/Y (AOI221XLM)                             0.29       1.64 r
  clk_div_1/U86/Y (AOI221XLM)                             0.13       1.77 f
  clk_div_1/U87/Y (OAI22X1M)                              0.16       1.93 r
  clk_div_1/U88/Y (AOI21X1M)                              0.12       2.05 f
  clk_div_1/U19/Y (OR3X2M)                                0.32       2.36 f
  clk_div_1/U25/Y (NOR2BX2M)                              0.12       2.48 r
  clk_div_1/counter_reg[0]/D (DFFRQX1M)                   0.00       2.48 r
  data arrival time                                                  2.48

  clock UART_CLK (rise edge)                            271.27     271.27
  clock network delay (ideal)                             0.00     271.27
  clock uncertainty                                      -0.20     271.07
  clk_div_1/counter_reg[0]/CK (DFFRQX1M)                  0.00     271.07 r
  library setup time                                     -0.32     270.75
  data required time                                               270.75
  --------------------------------------------------------------------------
  data required time                                               270.75
  data arrival time                                                 -2.48
  --------------------------------------------------------------------------
  slack (MET)                                                      268.27


1
