                                        
                           Design Compiler Graphical 
                                 DC Ultra (TM)
                                  DFTMAX (TM)
                              Power Compiler (TM)
                                 DesignWare (R)
                                 DC Expert (TM)
                               Design Vision (TM)
                               HDL Compiler (TM)
                               VHDL Compiler (TM)
                                  DFT Compiler
                               Design Compiler(R)
                                        
                 Version K-2015.06 for linux64 - May 28, 2015 
                                        
                    Copyright (c) 1988 - 2015 Synopsys, Inc.
   This software and the associated documentation are proprietary to Synopsys,
 Inc. This software may only be used in accordance with the terms and conditions
 of a written license agreement with Synopsys, Inc. All other use, reproduction,
            or distribution of this software is strictly prohibited.
Initializing...
Initializing gui preferences from file  /home/IC/.synopsys_dv_prefs.tcl
########################### Define Top Module ############################
set top_module SYS_TOP
SYS_TOP
##################### Define Working Library Directory ######################
define_design_lib work -path ./work
1
############################# Formality Setup File ##########################
set_svf $top_module.svf
1
################## Design Compiler Library Files #setup ######################
puts "###########################################"
###########################################
puts "#      #setting Design Libraries          #"
#      #setting Design Libraries          #
puts "###########################################"
###########################################
#Add the path of the libraries to the search_path variable
lappend search_path /home/IC/tsmc_fb_cl013g_sc/aci/sc-m/synopsys
. /opt/Synopsys/Synplify2015/libraries/syn /opt/Synopsys/Synplify2015/minpower/syn /opt/Synopsys/Synplify2015/dw/syn_ver /opt/Synopsys/Synplify2015/dw/sim_ver /home/IC/tsmc_fb_cl013g_sc/aci/sc-m/synopsys
lappend search_path /home/IC/SYSTEM/std_cells
. /opt/Synopsys/Synplify2015/libraries/syn /opt/Synopsys/Synplify2015/minpower/syn /opt/Synopsys/Synplify2015/dw/syn_ver /opt/Synopsys/Synplify2015/dw/sim_ver /home/IC/tsmc_fb_cl013g_sc/aci/sc-m/synopsys /home/IC/SYSTEM/std_cells
lappend search_path /home/IC/SYSTEM/rtl
. /opt/Synopsys/Synplify2015/libraries/syn /opt/Synopsys/Synplify2015/minpower/syn /opt/Synopsys/Synplify2015/dw/syn_ver /opt/Synopsys/Synplify2015/dw/sim_ver /home/IC/tsmc_fb_cl013g_sc/aci/sc-m/synopsys /home/IC/SYSTEM/std_cells /home/IC/SYSTEM/rtl
set SSLIB "scmetro_tsmc_cl013g_rvt_ss_1p08v_125c.db"
scmetro_tsmc_cl013g_rvt_ss_1p08v_125c.db
set TTLIB "scmetro_tsmc_cl013g_rvt_tt_1p2v_25c.db"
scmetro_tsmc_cl013g_rvt_tt_1p2v_25c.db
set FFLIB "scmetro_tsmc_cl013g_rvt_ff_1p32v_m40c.db"
scmetro_tsmc_cl013g_rvt_ff_1p32v_m40c.db
## Standard Cell libraries 
set target_library [list $SSLIB $TTLIB $FFLIB]
scmetro_tsmc_cl013g_rvt_ss_1p08v_125c.db scmetro_tsmc_cl013g_rvt_tt_1p2v_25c.db scmetro_tsmc_cl013g_rvt_ff_1p32v_m40c.db
## Standard Cell & Hard Macros libraries 
set link_library [list * $SSLIB $TTLIB $FFLIB]  
* scmetro_tsmc_cl013g_rvt_ss_1p08v_125c.db scmetro_tsmc_cl013g_rvt_tt_1p2v_25c.db scmetro_tsmc_cl013g_rvt_ff_1p32v_m40c.db
######################## Reading RTL Files #################################
puts "###########################################"
###########################################
puts "#             Reading RTL Files           #"
#             Reading RTL Files           #
puts "###########################################"
###########################################
set file_format verilog
verilog
analyze -format $file_format ALU.v
Running PRESTO HDLC
Compiling source file /home/IC/SYSTEM/rtl/ALU.v
Presto compilation completed successfully.
Loading db file '/home/IC/tsmc_fb_cl013g_sc/aci/sc-m/synopsys/scmetro_tsmc_cl013g_rvt_ss_1p08v_125c.db'
Loading db file '/home/IC/tsmc_fb_cl013g_sc/aci/sc-m/synopsys/scmetro_tsmc_cl013g_rvt_tt_1p2v_25c.db'
Loading db file '/home/IC/tsmc_fb_cl013g_sc/aci/sc-m/synopsys/scmetro_tsmc_cl013g_rvt_ff_1p32v_m40c.db'
1
analyze -format $file_format BUSY_PULSE_GENERATOR.v
Running PRESTO HDLC
Compiling source file /home/IC/SYSTEM/rtl/BUSY_PULSE_GENERATOR.v
Presto compilation completed successfully.
1
analyze -format $file_format CLK_GATE.v
Running PRESTO HDLC
Compiling source file /home/IC/SYSTEM/rtl/CLK_GATE.v
Presto compilation completed successfully.
1
analyze -format $file_format CLOCK_DIV.v
Running PRESTO HDLC
Compiling source file /home/IC/SYSTEM/rtl/CLOCK_DIV.v
Presto compilation completed successfully.
1
analyze -format $file_format DATA_SAMPLING.v
Running PRESTO HDLC
Compiling source file /home/IC/SYSTEM/rtl/DATA_SAMPLING.v
Presto compilation completed successfully.
1
analyze -format $file_format DATA_SYNC.v
Running PRESTO HDLC
Compiling source file /home/IC/SYSTEM/rtl/DATA_SYNC.v
Presto compilation completed successfully.
1
analyze -format $file_format DE_SERIALIZER.v
Running PRESTO HDLC
Compiling source file /home/IC/SYSTEM/rtl/DE_SERIALIZER.v
Presto compilation completed successfully.
1
analyze -format $file_format D_SYNC_RD.v
Running PRESTO HDLC
Compiling source file /home/IC/SYSTEM/rtl/D_SYNC_RD.v
Presto compilation completed successfully.
1
analyze -format $file_format D_SYNC_WR.v
Running PRESTO HDLC
Compiling source file /home/IC/SYSTEM/rtl/D_SYNC_WR.v
Presto compilation completed successfully.
1
analyze -format $file_format EDGE_BIT_COUNTER.v
Running PRESTO HDLC
Compiling source file /home/IC/SYSTEM/rtl/EDGE_BIT_COUNTER.v
Presto compilation completed successfully.
1
analyze -format $file_format enable_sync.v
Running PRESTO HDLC
Compiling source file /home/IC/SYSTEM/rtl/enable_sync.v
Presto compilation completed successfully.
1
analyze -format $file_format FIFO_MEM.v
Running PRESTO HDLC
Compiling source file /home/IC/SYSTEM/rtl/FIFO_MEM.v
Presto compilation completed successfully.
1
analyze -format $file_format FIFO_RD.v
Running PRESTO HDLC
Compiling source file /home/IC/SYSTEM/rtl/FIFO_RD.v
Presto compilation completed successfully.
1
analyze -format $file_format FIFO_TOP.v
Running PRESTO HDLC
Compiling source file /home/IC/SYSTEM/rtl/FIFO_TOP.v
Presto compilation completed successfully.
1
analyze -format $file_format FIFO_WR.v
Running PRESTO HDLC
Compiling source file /home/IC/SYSTEM/rtl/FIFO_WR.v
Presto compilation completed successfully.
1
analyze -format $file_format FSM.v
Running PRESTO HDLC
Compiling source file /home/IC/SYSTEM/rtl/FSM.v
Presto compilation completed successfully.
1
analyze -format $file_format FSM_TX.v
Running PRESTO HDLC
Compiling source file /home/IC/SYSTEM/rtl/FSM_TX.v
Presto compilation completed successfully.
1
analyze -format $file_format input_division_rx_ratio.v
Running PRESTO HDLC
Compiling source file /home/IC/SYSTEM/rtl/input_division_rx_ratio.v
Presto compilation completed successfully.
1
analyze -format $file_format MUX.v
Running PRESTO HDLC
Compiling source file /home/IC/SYSTEM/rtl/MUX.v
Presto compilation completed successfully.
1
analyze -format $file_format PARITY_CALC.v
Running PRESTO HDLC
Compiling source file /home/IC/SYSTEM/rtl/PARITY_CALC.v
Presto compilation completed successfully.
1
analyze -format $file_format PARITY_CHECK.v
Running PRESTO HDLC
Compiling source file /home/IC/SYSTEM/rtl/PARITY_CHECK.v
Presto compilation completed successfully.
1
analyze -format $file_format pulse_generator.v
Running PRESTO HDLC
Compiling source file /home/IC/SYSTEM/rtl/pulse_generator.v
Presto compilation completed successfully.
1
analyze -format $file_format Register_file.v
Running PRESTO HDLC
Compiling source file /home/IC/SYSTEM/rtl/Register_file.v
Presto compilation completed successfully.
1
analyze -format $file_format RST_SYNC.v
Running PRESTO HDLC
Compiling source file /home/IC/SYSTEM/rtl/RST_SYNC.v
Presto compilation completed successfully.
1
analyze -format $file_format SERIALIZER.v
Running PRESTO HDLC
Compiling source file /home/IC/SYSTEM/rtl/SERIALIZER.v
Presto compilation completed successfully.
1
analyze -format $file_format STOP_CHECK.v
Running PRESTO HDLC
Compiling source file /home/IC/SYSTEM/rtl/STOP_CHECK.v
Presto compilation completed successfully.
1
analyze -format $file_format STR_CHECK.v
Running PRESTO HDLC
Compiling source file /home/IC/SYSTEM/rtl/STR_CHECK.v
Presto compilation completed successfully.
1
analyze -format $file_format sync_bus.v
Running PRESTO HDLC
Compiling source file /home/IC/SYSTEM/rtl/sync_bus.v
Presto compilation completed successfully.
1
analyze -format $file_format SYS_CTRL.v
Running PRESTO HDLC
Compiling source file /home/IC/SYSTEM/rtl/SYS_CTRL.v
Presto compilation completed successfully.
1
analyze -format $file_format UART_RX_TOP.v
Running PRESTO HDLC
Compiling source file /home/IC/SYSTEM/rtl/UART_RX_TOP.v
Presto compilation completed successfully.
1
analyze -format $file_format UART_SYS_TOP.v
Running PRESTO HDLC
Compiling source file /home/IC/SYSTEM/rtl/UART_SYS_TOP.v
Presto compilation completed successfully.
1
analyze -format $file_format UART_TX_TOP.v
Running PRESTO HDLC
Compiling source file /home/IC/SYSTEM/rtl/UART_TX_TOP.v
Presto compilation completed successfully.
1
analyze -format $file_format SYS_TOP.v
Running PRESTO HDLC
Compiling source file /home/IC/SYSTEM/rtl/SYS_TOP.v
Warning:  /home/IC/SYSTEM/rtl/SYS_TOP.v:129: the undeclared symbol 'BUSY' assumed to have the default net type, which is 'wire'. (VER-936)
Warning:  /home/IC/SYSTEM/rtl/SYS_TOP.v:147: the undeclared symbol 'PAR_ERR' assumed to have the default net type, which is 'wire'. (VER-936)
Warning:  /home/IC/SYSTEM/rtl/SYS_TOP.v:147: the undeclared symbol 'STP_ERR' assumed to have the default net type, which is 'wire'. (VER-936)
Presto compilation completed successfully.
1
elaborate -lib work SYS_TOP
Loading db file '/opt/Synopsys/Synplify2015/libraries/syn/gtech.db'
Loading db file '/opt/Synopsys/Synplify2015/libraries/syn/standard.sldb'
  Loading link library 'scmetro_tsmc_cl013g_rvt_ss_1p08v_125c'
  Loading link library 'scmetro_tsmc_cl013g_rvt_tt_1p2v_25c'
  Loading link library 'scmetro_tsmc_cl013g_rvt_ff_1p32v_m40c'
  Loading link library 'gtech'
Running PRESTO HDLC
Presto compilation completed successfully.
Elaborated 1 design.
Current design is now 'SYS_TOP'.
Information: Building the design 'SYS_CTRL'. (HDL-193)
Warning:  /home/IC/SYSTEM/rtl/SYS_CTRL.v:219: signed to unsigned assignment occurs. (VER-318)

Statistics for case statements in always block at line 59 in file
	'/home/IC/SYSTEM/rtl/SYS_CTRL.v'
===============================================
|           Line           |  full/ parallel  |
===============================================
|            60            |    auto/auto     |
===============================================

Statistics for case statements in always block at line 135 in file
	'/home/IC/SYSTEM/rtl/SYS_CTRL.v'
===============================================
|           Line           |  full/ parallel  |
===============================================
|           136            |    auto/auto     |
===============================================

Inferred memory devices in process
	in routine SYS_CTRL line 37 in file
		'/home/IC/SYSTEM/rtl/SYS_CTRL.v'.
===============================================================================
|    Register Name    |   Type    | Width | Bus | MB | AR | AS | SR | SS | ST |
===============================================================================
| address_stored_reg  | Flip-flop |   4   |  Y  | N  | Y  | N  | N  | N  | N  |
===============================================================================

Inferred memory devices in process
	in routine SYS_CTRL line 43 in file
		'/home/IC/SYSTEM/rtl/SYS_CTRL.v'.
=====================================================================================
|       Register Name       |   Type    | Width | Bus | MB | AR | AS | SR | SS | ST |
=====================================================================================
| reg_alu_storing_value_reg | Flip-flop |  16   |  Y  | N  | Y  | N  | N  | N  | N  |
=====================================================================================

Inferred memory devices in process
	in routine SYS_CTRL line 50 in file
		'/home/IC/SYSTEM/rtl/SYS_CTRL.v'.
===============================================================================
|    Register Name    |   Type    | Width | Bus | MB | AR | AS | SR | SS | ST |
===============================================================================
|       cs_reg        | Flip-flop |   4   |  Y  | N  | Y  | N  | N  | N  | N  |
===============================================================================
Presto compilation completed successfully.
Information: Building the design 'CLK_GATE'. (HDL-193)
Presto compilation completed successfully.
Information: Building the design 'Register_file' instantiated from design 'SYS_TOP' with
	the parameters "4,8,8,16". (HDL-193)

Inferred memory devices in process
	in routine Register_file_ADDR4_DATA_WIDTH8_WIDTH8_DEPTH16 line 15 in file
		'/home/IC/SYSTEM/rtl/Register_file.v'.
===============================================================================
|    Register Name    |   Type    | Width | Bus | MB | AR | AS | SR | SS | ST |
===============================================================================
|    Reg_File_reg     | Flip-flop |  125  |  Y  | N  | Y  | N  | N  | N  | N  |
|    Reg_File_reg     | Flip-flop |   3   |  Y  | N  | N  | Y  | N  | N  | N  |
|     RdData_reg      | Flip-flop |   8   |  Y  | N  | N  | N  | N  | N  | N  |
|  RdData_Valid_reg   | Flip-flop |   1   |  N  | N  | Y  | N  | N  | N  | N  |
===============================================================================
Statistics for MUX_OPs
============================================================================================
|                 block name/line                   | Inputs | Outputs | # sel inputs | MB |
============================================================================================
| Register_file_ADDR4_DATA_WIDTH8_WIDTH8_DEPTH16/41 |   16   |    8    |      4       | N  |
============================================================================================
Presto compilation completed successfully.
Information: Building the design 'ALU' instantiated from design 'SYS_TOP' with
	the parameters "8,4". (HDL-193)

Statistics for case statements in always block at line 9 in file
	'/home/IC/SYSTEM/rtl/ALU.v'
===============================================
|           Line           |  full/ parallel  |
===============================================
|            17            |    auto/auto     |
===============================================

Inferred memory devices in process
	in routine ALU_WIDTH8_FUNC4 line 9 in file
		'/home/IC/SYSTEM/rtl/ALU.v'.
===============================================================================
|    Register Name    |   Type    | Width | Bus | MB | AR | AS | SR | SS | ST |
===============================================================================
|     ALU_OUT_reg     | Flip-flop |  16   |  Y  | N  | Y  | N  | N  | N  | N  |
|  ALU_OUT_VALID_reg  | Flip-flop |   1   |  N  | N  | Y  | N  | N  | N  | N  |
===============================================================================
Presto compilation completed successfully.
Information: Building the design 'RST_SYNC' instantiated from design 'SYS_TOP' with
	the parameters "2". (HDL-193)

Inferred memory devices in process
	in routine RST_SYNC_NUM_STAGES2 line 10 in file
		'/home/IC/SYSTEM/rtl/RST_SYNC.v'.
===============================================================================
|    Register Name    |   Type    | Width | Bus | MB | AR | AS | SR | SS | ST |
===============================================================================
|    SYNC_REG_reg     | Flip-flop |   2   |  Y  | N  | Y  | N  | N  | N  | N  |
===============================================================================
Presto compilation completed successfully.
Information: Building the design 'FIFO_TOP' instantiated from design 'SYS_TOP' with
	the parameters "8,3,4". (HDL-193)
Presto compilation completed successfully.
Information: Building the design 'input_division_rx_ratio'. (HDL-193)

Statistics for case statements in always block at line 6 in file
	'/home/IC/SYSTEM/rtl/input_division_rx_ratio.v'
===============================================
|           Line           |  full/ parallel  |
===============================================
|            7             |    auto/auto     |
===============================================
Presto compilation completed successfully.
Information: Building the design 'CLOCK_DIV' instantiated from design 'SYS_TOP' with
	the parameters "8". (HDL-193)
Warning:  /home/IC/SYSTEM/rtl/CLOCK_DIV.v:17: signed to unsigned assignment occurs. (VER-318)

Inferred memory devices in process
	in routine CLOCK_DIV_DIV_WIDTH8 line 20 in file
		'/home/IC/SYSTEM/rtl/CLOCK_DIV.v'.
===============================================================================
|    Register Name    |   Type    | Width | Bus | MB | AR | AS | SR | SS | ST |
===============================================================================
|      flag_reg       | Flip-flop |   1   |  N  | N  | Y  | N  | N  | N  | N  |
|  o_div_clk_reg_reg  | Flip-flop |   1   |  N  | N  | Y  | N  | N  | N  | N  |
===============================================================================

Inferred memory devices in process
	in routine CLOCK_DIV_DIV_WIDTH8 line 44 in file
		'/home/IC/SYSTEM/rtl/CLOCK_DIV.v'.
===============================================================================
|    Register Name    |   Type    | Width | Bus | MB | AR | AS | SR | SS | ST |
===============================================================================
|     counter_reg     | Flip-flop |   8   |  Y  | N  | Y  | N  | N  | N  | N  |
| prev_div_ratio_reg  | Flip-flop |   8   |  Y  | N  | N  | N  | N  | N  | N  |
===============================================================================
Presto compilation completed successfully.
Information: Building the design 'DATA_SYNC' instantiated from design 'SYS_TOP' with
	the parameters "8,2". (HDL-193)
Presto compilation completed successfully.
Information: Building the design 'BUSY_PULSE_GENERATOR'. (HDL-193)

Inferred memory devices in process
	in routine BUSY_PULSE_GENERATOR line 8 in file
		'/home/IC/SYSTEM/rtl/BUSY_PULSE_GENERATOR.v'.
===============================================================================
|    Register Name    |   Type    | Width | Bus | MB | AR | AS | SR | SS | ST |
===============================================================================
|   PULSE_FLOP_reg    | Flip-flop |   1   |  N  | N  | Y  | N  | N  | N  | N  |
|  enable_pulse_reg   | Flip-flop |   1   |  N  | N  | Y  | N  | N  | N  | N  |
===============================================================================
Presto compilation completed successfully.
Information: Building the design 'UART_SYS_TOP' instantiated from design 'SYS_TOP' with
	the parameters "8". (HDL-193)
Presto compilation completed successfully.
Information: Building the design 'FIFO_MEM'. (HDL-193)

Inferred memory devices in process
	in routine FIFO_MEM line 15 in file
		'/home/IC/SYSTEM/rtl/FIFO_MEM.v'.
===============================================================================
|    Register Name    |   Type    | Width | Bus | MB | AR | AS | SR | SS | ST |
===============================================================================
|      FIFO_reg       | Flip-flop |  64   |  Y  | N  | Y  | N  | N  | N  | N  |
===============================================================================
Statistics for MUX_OPs
===========================================================
| block name/line  | Inputs | Outputs | # sel inputs | MB |
===========================================================
|   FIFO_MEM/25    |   8    |    8    |      3       | N  |
===========================================================
Presto compilation completed successfully.
Information: Building the design 'D_SYNC_RD'. (HDL-193)

Inferred memory devices in process
	in routine D_SYNC_RD line 11 in file
		'/home/IC/SYSTEM/rtl/D_SYNC_RD.v'.
===============================================================================
|    Register Name    |   Type    | Width | Bus | MB | AR | AS | SR | SS | ST |
===============================================================================
|    SYNC_REG_reg     | Flip-flop |   8   |  Y  | N  | Y  | N  | N  | N  | N  |
===============================================================================
Presto compilation completed successfully.
Information: Building the design 'D_SYNC_WR'. (HDL-193)

Inferred memory devices in process
	in routine D_SYNC_WR line 11 in file
		'/home/IC/SYSTEM/rtl/D_SYNC_WR.v'.
===============================================================================
|    Register Name    |   Type    | Width | Bus | MB | AR | AS | SR | SS | ST |
===============================================================================
|    SYNC_REG_reg     | Flip-flop |   8   |  Y  | N  | Y  | N  | N  | N  | N  |
===============================================================================
Presto compilation completed successfully.
Information: Building the design 'FIFO_RD'. (HDL-193)
Warning:  /home/IC/SYSTEM/rtl/FIFO_RD.v:36: signed to unsigned assignment occurs. (VER-318)

Inferred memory devices in process
	in routine FIFO_RD line 14 in file
		'/home/IC/SYSTEM/rtl/FIFO_RD.v'.
===============================================================================
|    Register Name    |   Type    | Width | Bus | MB | AR | AS | SR | SS | ST |
===============================================================================
|   RD_PTR_bin_reg    | Flip-flop |   4   |  Y  | N  | Y  | N  | N  | N  | N  |
===============================================================================

Inferred memory devices in process
	in routine FIFO_RD line 23 in file
		'/home/IC/SYSTEM/rtl/FIFO_RD.v'.
===============================================================================
|    Register Name    |   Type    | Width | Bus | MB | AR | AS | SR | SS | ST |
===============================================================================
|     RD_PTR_reg      | Flip-flop |   4   |  Y  | N  | Y  | N  | N  | N  | N  |
===============================================================================
Presto compilation completed successfully.
Information: Building the design 'FIFO_WR'. (HDL-193)
Warning:  /home/IC/SYSTEM/rtl/FIFO_WR.v:40: signed to unsigned assignment occurs. (VER-318)

Inferred memory devices in process
	in routine FIFO_WR line 14 in file
		'/home/IC/SYSTEM/rtl/FIFO_WR.v'.
===============================================================================
|    Register Name    |   Type    | Width | Bus | MB | AR | AS | SR | SS | ST |
===============================================================================
|   WR_PTR_bin_reg    | Flip-flop |   4   |  Y  | N  | Y  | N  | N  | N  | N  |
===============================================================================

Inferred memory devices in process
	in routine FIFO_WR line 29 in file
		'/home/IC/SYSTEM/rtl/FIFO_WR.v'.
===============================================================================
|    Register Name    |   Type    | Width | Bus | MB | AR | AS | SR | SS | ST |
===============================================================================
|     WR_PTR_reg      | Flip-flop |   4   |  Y  | N  | Y  | N  | N  | N  | N  |
===============================================================================
Presto compilation completed successfully.
Information: Building the design 'enable_sync' instantiated from design 'DATA_SYNC_BUS_WIDTH8_NUM_STAGES2' with
	the parameters "2". (HDL-193)

Inferred memory devices in process
	in routine enable_sync_NUM_STAGES2 line 10 in file
		'/home/IC/SYSTEM/rtl/enable_sync.v'.
===============================================================================
|    Register Name    |   Type    | Width | Bus | MB | AR | AS | SR | SS | ST |
===============================================================================
|    SYNC_REG_reg     | Flip-flop |   2   |  Y  | N  | Y  | N  | N  | N  | N  |
===============================================================================
Presto compilation completed successfully.
Information: Building the design 'pulse_generator'. (HDL-193)

Inferred memory devices in process
	in routine pulse_generator line 9 in file
		'/home/IC/SYSTEM/rtl/pulse_generator.v'.
===============================================================================
|    Register Name    |   Type    | Width | Bus | MB | AR | AS | SR | SS | ST |
===============================================================================
|   PULSE_FLOP_reg    | Flip-flop |   1   |  N  | N  | Y  | N  | N  | N  | N  |
|  enable_pulse_reg   | Flip-flop |   1   |  N  | N  | Y  | N  | N  | N  | N  |
===============================================================================
Presto compilation completed successfully.
Information: Building the design 'sync_bus' instantiated from design 'DATA_SYNC_BUS_WIDTH8_NUM_STAGES2' with
	the parameters "8". (HDL-193)

Inferred memory devices in process
	in routine sync_bus_BUS_WIDTH8 line 10 in file
		'/home/IC/SYSTEM/rtl/sync_bus.v'.
===============================================================================
|    Register Name    |   Type    | Width | Bus | MB | AR | AS | SR | SS | ST |
===============================================================================
|    sync_bus_reg     | Flip-flop |   8   |  Y  | N  | Y  | N  | N  | N  | N  |
===============================================================================
Presto compilation completed successfully.
Information: Building the design 'UART_TX_TOP' instantiated from design 'UART_SYS_TOP_DATA_WIDTH8' with
	the parameters "8". (HDL-193)
Presto compilation completed successfully.
Information: Building the design 'UART_RX_TOP' instantiated from design 'UART_SYS_TOP_DATA_WIDTH8' with
	the parameters "8". (HDL-193)
Presto compilation completed successfully.
Information: Building the design 'SERIALIZER' instantiated from design 'UART_TX_TOP_DATA_WIDTH8' with
	the parameters "8". (HDL-193)

Inferred memory devices in process
	in routine SERIALIZER_DATA_WIDTH8 line 13 in file
		'/home/IC/SYSTEM/rtl/SERIALIZER.v'.
===============================================================================
|    Register Name    |   Type    | Width | Bus | MB | AR | AS | SR | SS | ST |
===============================================================================
|   serial_data_reg   | Flip-flop |   8   |  Y  | N  | Y  | N  | N  | N  | N  |
|    ser_data_reg     | Flip-flop |   1   |  N  | N  | Y  | N  | N  | N  | N  |
===============================================================================

Inferred memory devices in process
	in routine SERIALIZER_DATA_WIDTH8 line 30 in file
		'/home/IC/SYSTEM/rtl/SERIALIZER.v'.
===============================================================================
|    Register Name    |   Type    | Width | Bus | MB | AR | AS | SR | SS | ST |
===============================================================================
|     counter_reg     | Flip-flop |   4   |  Y  | N  | Y  | N  | N  | N  | N  |
===============================================================================
Presto compilation completed successfully.
Information: Building the design 'MUX'. (HDL-193)

Statistics for case statements in always block at line 9 in file
	'/home/IC/SYSTEM/rtl/MUX.v'
===============================================
|           Line           |  full/ parallel  |
===============================================
|            10            |    auto/auto     |
===============================================
Presto compilation completed successfully.
Information: Building the design 'PARITY_CALC'. (HDL-193)

Inferred memory devices in process
	in routine PARITY_CALC line 11 in file
		'/home/IC/SYSTEM/rtl/PARITY_CALC.v'.
===============================================================================
|    Register Name    |   Type    | Width | Bus | MB | AR | AS | SR | SS | ST |
===============================================================================
|     PAR_BIT_reg     | Flip-flop |   1   |  N  | N  | Y  | N  | N  | N  | N  |
===============================================================================
Presto compilation completed successfully.
Information: Building the design 'FSM_TX'. (HDL-193)

Statistics for case statements in always block at line 29 in file
	'/home/IC/SYSTEM/rtl/FSM_TX.v'
===============================================
|           Line           |  full/ parallel  |
===============================================
|            30            |    auto/auto     |
===============================================

Statistics for case statements in always block at line 65 in file
	'/home/IC/SYSTEM/rtl/FSM_TX.v'
===============================================
|           Line           |  full/ parallel  |
===============================================
|            66            |    auto/auto     |
===============================================

Inferred memory devices in process
	in routine FSM_TX line 19 in file
		'/home/IC/SYSTEM/rtl/FSM_TX.v'.
===============================================================================
|    Register Name    |   Type    | Width | Bus | MB | AR | AS | SR | SS | ST |
===============================================================================
|       cs_reg        | Flip-flop |   3   |  Y  | N  | Y  | N  | N  | N  | N  |
===============================================================================
Presto compilation completed successfully.
Information: Building the design 'FSM'. (HDL-193)

Statistics for case statements in always block at line 36 in file
	'/home/IC/SYSTEM/rtl/FSM.v'
===============================================
|           Line           |  full/ parallel  |
===============================================
|            37            |    auto/auto     |
===============================================

Statistics for case statements in always block at line 94 in file
	'/home/IC/SYSTEM/rtl/FSM.v'
===============================================
|           Line           |  full/ parallel  |
===============================================
|            95            |    auto/auto     |
===============================================

Inferred memory devices in process
	in routine FSM line 25 in file
		'/home/IC/SYSTEM/rtl/FSM.v'.
===============================================================================
|    Register Name    |   Type    | Width | Bus | MB | AR | AS | SR | SS | ST |
===============================================================================
|       cs_reg        | Flip-flop |   3   |  Y  | N  | Y  | N  | N  | N  | N  |
===============================================================================
Presto compilation completed successfully.
Information: Building the design 'DATA_SAMPLING'. (HDL-193)

Statistics for case statements in always block at line 10 in file
	'/home/IC/SYSTEM/rtl/DATA_SAMPLING.v'
===============================================
|           Line           |  full/ parallel  |
===============================================
|            22            |    auto/auto     |
===============================================

Inferred memory devices in process
	in routine DATA_SAMPLING line 10 in file
		'/home/IC/SYSTEM/rtl/DATA_SAMPLING.v'.
===============================================================================
|    Register Name    |   Type    | Width | Bus | MB | AR | AS | SR | SS | ST |
===============================================================================
|   sampled_bit_reg   | Flip-flop |   1   |  N  | N  | Y  | N  | N  | N  | N  |
|      bit1_reg       | Flip-flop |   1   |  N  | N  | Y  | N  | N  | N  | N  |
|      bit2_reg       | Flip-flop |   1   |  N  | N  | Y  | N  | N  | N  | N  |
===============================================================================
Presto compilation completed successfully.
Information: Building the design 'DE_SERIALIZER' instantiated from design 'UART_RX_TOP_DATA_WIDTH8' with
	the parameters "8". (HDL-193)

Inferred memory devices in process
	in routine DE_SERIALIZER_DATA_WIDTH8 line 11 in file
		'/home/IC/SYSTEM/rtl/DE_SERIALIZER.v'.
===============================================================================
|    Register Name    |   Type    | Width | Bus | MB | AR | AS | SR | SS | ST |
===============================================================================
|     P_DATA_reg      | Flip-flop |   8   |  Y  | N  | Y  | N  | N  | N  | N  |
===============================================================================
Presto compilation completed successfully.
Information: Building the design 'EDGE_BIT_COUNTER'. (HDL-193)

Inferred memory devices in process
	in routine EDGE_BIT_COUNTER line 11 in file
		'/home/IC/SYSTEM/rtl/EDGE_BIT_COUNTER.v'.
===============================================================================
|    Register Name    |   Type    | Width | Bus | MB | AR | AS | SR | SS | ST |
===============================================================================
|    edge_cnt_reg     | Flip-flop |   6   |  Y  | N  | Y  | N  | N  | N  | N  |
===============================================================================

Inferred memory devices in process
	in routine EDGE_BIT_COUNTER line 24 in file
		'/home/IC/SYSTEM/rtl/EDGE_BIT_COUNTER.v'.
===============================================================================
|    Register Name    |   Type    | Width | Bus | MB | AR | AS | SR | SS | ST |
===============================================================================
|     bit_cnt_reg     | Flip-flop |   4   |  Y  | N  | Y  | N  | N  | N  | N  |
===============================================================================
Presto compilation completed successfully.
Information: Building the design 'PARITY_CHECK'. (HDL-193)

Inferred memory devices in process
	in routine PARITY_CHECK line 12 in file
		'/home/IC/SYSTEM/rtl/PARITY_CHECK.v'.
===============================================================================
|    Register Name    |   Type    | Width | Bus | MB | AR | AS | SR | SS | ST |
===============================================================================
|     par_err_reg     | Flip-flop |   1   |  N  | N  | Y  | N  | N  | N  | N  |
===============================================================================
Presto compilation completed successfully.
Information: Building the design 'STR_CHECK'. (HDL-193)

Inferred memory devices in process
	in routine STR_CHECK line 9 in file
		'/home/IC/SYSTEM/rtl/STR_CHECK.v'.
===============================================================================
|    Register Name    |   Type    | Width | Bus | MB | AR | AS | SR | SS | ST |
===============================================================================
|   strt_glitch_reg   | Flip-flop |   1   |  N  | N  | Y  | N  | N  | N  | N  |
===============================================================================
Presto compilation completed successfully.
Information: Building the design 'STOP_CHECK'. (HDL-193)

Inferred memory devices in process
	in routine STOP_CHECK line 9 in file
		'/home/IC/SYSTEM/rtl/STOP_CHECK.v'.
===============================================================================
|    Register Name    |   Type    | Width | Bus | MB | AR | AS | SR | SS | ST |
===============================================================================
|     stp_err_reg     | Flip-flop |   1   |  N  | N  | Y  | N  | N  | N  | N  |
===============================================================================
Presto compilation completed successfully.
1
###################### Defining toplevel ###################################
current_design $top_module
Current design is 'SYS_TOP'.
{SYS_TOP}
#################### Liniking All The Design Parts #########################
puts "###############################################"
###############################################
puts "######## Liniking All The Design Parts ########"
######## Liniking All The Design Parts ########
puts "###############################################"
###############################################
#################### Liniking All The Design Parts #########################
puts "###############################################"
###############################################
puts "######## checking design consistency ##########"
######## checking design consistency ##########
puts "###############################################"
###############################################
check_design
 
****************************************
check_design summary:
Version:     K-2015.06
Date:        Wed Oct  1 21:22:30 2025
****************************************

                   Name                                            Total
--------------------------------------------------------------------------------
Inputs/Outputs                                                     15
    Unconnected ports (LINT-28)                                     3
    Shorted outputs (LINT-31)                                       6
    Constant outputs (LINT-52)                                      6

Cells                                                              25
    Cells do not drive (LINT-1)                                    25

Nets                                                                2
    Unloaded nets (LINT-2)                                          2
--------------------------------------------------------------------------------

Warning: In design 'ALU_WIDTH8_FUNC4', cell 'C424' does not drive any nets. (LINT-1)
Warning: In design 'ALU_WIDTH8_FUNC4', cell 'C425' does not drive any nets. (LINT-1)
Warning: In design 'ALU_WIDTH8_FUNC4', cell 'C426' does not drive any nets. (LINT-1)
Warning: In design 'ALU_WIDTH8_FUNC4', cell 'C429' does not drive any nets. (LINT-1)
Warning: In design 'ALU_WIDTH8_FUNC4', cell 'C454' does not drive any nets. (LINT-1)
Warning: In design 'ALU_WIDTH8_FUNC4', cell 'C456' does not drive any nets. (LINT-1)
Warning: In design 'ALU_WIDTH8_FUNC4', cell 'C458' does not drive any nets. (LINT-1)
Warning: In design 'CLOCK_DIV_DIV_WIDTH8', cell 'C238' does not drive any nets. (LINT-1)
Warning: In design 'CLOCK_DIV_DIV_WIDTH8', cell 'C267' does not drive any nets. (LINT-1)
Warning: In design 'FIFO_RD', cell 'C62' does not drive any nets. (LINT-1)
Warning: In design 'FIFO_WR', cell 'C62' does not drive any nets. (LINT-1)
Warning: In design 'SERIALIZER_DATA_WIDTH8', cell 'C121' does not drive any nets. (LINT-1)
Warning: In design 'FSM', cell 'B_18' does not drive any nets. (LINT-1)
Warning: In design 'FSM', cell 'B_19' does not drive any nets. (LINT-1)
Warning: In design 'FSM', cell 'B_20' does not drive any nets. (LINT-1)
Warning: In design 'FSM', cell 'B_21' does not drive any nets. (LINT-1)
Warning: In design 'FSM', cell 'B_22' does not drive any nets. (LINT-1)
Warning: In design 'DATA_SAMPLING', cell 'B_1' does not drive any nets. (LINT-1)
Warning: In design 'DE_SERIALIZER_DATA_WIDTH8', cell 'B_0' does not drive any nets. (LINT-1)
Warning: In design 'EDGE_BIT_COUNTER', cell 'C131' does not drive any nets. (LINT-1)
Warning: In design 'EDGE_BIT_COUNTER', cell 'C153' does not drive any nets. (LINT-1)
Warning: In design 'EDGE_BIT_COUNTER', cell 'C157' does not drive any nets. (LINT-1)
Warning: In design 'PARITY_CHECK', cell 'B_2' does not drive any nets. (LINT-1)
Warning: In design 'STR_CHECK', cell 'B_0' does not drive any nets. (LINT-1)
Warning: In design 'STOP_CHECK', cell 'B_0' does not drive any nets. (LINT-1)
Warning: In design 'SYS_TOP', net 'STP_ERR' driven by pin 'uart/STP_ERR' has no loads. (LINT-2)
Warning: In design 'SYS_TOP', net 'PAR_ERR' driven by pin 'uart/PAR_ERR' has no loads. (LINT-2)
Warning: In design 'SYS_TOP', port 'parity_error' is not connected to any nets. (LINT-28)
Warning: In design 'SYS_TOP', port 'framing_error' is not connected to any nets. (LINT-28)
Warning: In design 'DATA_SAMPLING', port 'prescale[0]' is not connected to any nets. (LINT-28)
Warning: In design 'input_division_rx_ratio', output port 'in_div_ratio[7]' is connected directly to output port 'in_div_ratio[3]'. (LINT-31)
Warning: In design 'input_division_rx_ratio', output port 'in_div_ratio[7]' is connected directly to output port 'in_div_ratio[4]'. (LINT-31)
Warning: In design 'input_division_rx_ratio', output port 'in_div_ratio[7]' is connected directly to output port 'in_div_ratio[5]'. (LINT-31)
Warning: In design 'input_division_rx_ratio', output port 'in_div_ratio[7]' is connected directly to output port 'in_div_ratio[6]'. (LINT-31)
Warning: In design 'FSM', output port 'enable_edge' is connected directly to output port 'dat_samp_en'. (LINT-31)
Warning: In design 'FSM', output port 'enable_edge' is connected directly to output port 'enable_bit'. (LINT-31)
Warning: In design 'SYS_CTRL', output port 'clk_div_en' is connected directly to 'logic 1'. (LINT-52)
Warning: In design 'input_division_rx_ratio', output port 'in_div_ratio[7]' is connected directly to 'logic 0'. (LINT-52)
Warning: In design 'input_division_rx_ratio', output port 'in_div_ratio[6]' is connected directly to 'logic 0'. (LINT-52)
Warning: In design 'input_division_rx_ratio', output port 'in_div_ratio[5]' is connected directly to 'logic 0'. (LINT-52)
Warning: In design 'input_division_rx_ratio', output port 'in_div_ratio[4]' is connected directly to 'logic 0'. (LINT-52)
Warning: In design 'input_division_rx_ratio', output port 'in_div_ratio[3]' is connected directly to 'logic 0'. (LINT-52)
1
#################### Define Design Constraints #########################
puts "###############################################"
###############################################
puts "############ Design Constraints #### ##########"
############ Design Constraints #### ##########
puts "###############################################"
###############################################
source -echo ./cons.tcl
####################################################################################
# Constraints
# ----------------------------------------------------------------------------
#
# 0. Design Compiler variables
#
# 1. Master Clock Definitions
#
# 2. Generated Clock Definitions
#
# 3. Clock Uncertainties
#
# 4. Clock Latencies 
#
# 5. Clock Relationships
#
# 6. #set input/output delay on ports
#
# 7. Driving cells
#
# 8. Output load
####################################################################################
#########################################################
#### Section 0 : DC Variables ####
#########################################################
#################################################################################### 
# Prevent assign statements in the generated netlist (must be applied before compile command)
set_fix_multiple_port_nets -all -buffer_constants -feedthroughs
####################################################################################
#########################################################
#### Section 1 : Clock Definition ####
#########################################################
#################################################################################### 
# 1. Master Clock Definitions 
# 2. Generated Clock Definitions
# 3. Clock Latencies
# 4. Clock Uncertainties
# 4. Clock Transitions
####################################################################################
#1. Master Clocks
#REF CLK
create_clock -name REF_CLK -period 20 -waveform "0 [expr 20/2]" [get_ports REF_CLK]
set_clock_uncertainty -setup 0.2 [get_clocks REF_CLK]
set_clock_uncertainty -hold 0.1  [get_clocks REF_CLK]
set_clock_transition -rise 0.05  [get_clocks REF_CLK]
set_clock_transition -fall 0.05  [get_clocks REF_CLK]
set_clock_latency 0 [get_clocks REF_CLK]
#UART CLK
create_clock -name UART_CLK -period 271.267361 -waveform "0 [expr 271.267361/2]" [get_ports UART_CLK]
set_clock_uncertainty -setup 0.2 [get_clocks UART_CLK]
set_clock_uncertainty -hold 0.1  [get_clocks UART_CLK]
set_clock_transition -rise 0.05  [get_clocks UART_CLK]
set_clock_transition -fall 0.05  [get_clocks UART_CLK]
set_clock_latency 0 [get_clocks UART_CLK]
#2. Generated clocks
#RX CLK
create_generated_clock -master_clock UART_CLK -source [get_ports UART_CLK]                        -name "RX_CLK" [get_ports clk_div_1/o_div_clk]                        -divide_by 1
set_clock_uncertainty -setup 0.2 [get_clocks RX_CLK]
set_clock_uncertainty -hold 0.1  [get_clocks RX_CLK]
#TX CLK
create_generated_clock -master_clock UART_CLK -source [get_ports UART_CLK]                        -name "TX_CLK" [get_ports clk_div_2/o_div_clk]                        -divide_by 32
set_clock_uncertainty -setup 0.2 [get_clocks TX_CLK]
set_clock_uncertainty -hold 0.1  [get_clocks TX_CLK]
#GATED CLK OF ALU
create_generated_clock -master_clock REF_CLK -source [get_ports REF_CLK]                        -name "ALU_CLK" [get_ports clk_gate/GATED_CLK]                        -divide_by 1
set_clock_uncertainty -setup 0.2 [get_clocks ALU_CLK]
set_clock_uncertainty -hold 0.1  [get_clocks ALU_CLK]
#DO NOT TOUCH					   
set_dont_touch_network [get_clocks {REF_CLK ALU_CLK UART_CLK RX_CLK TX_CLK}]
####################################################################################
#########################################################
#### Section 2 : Clocks Relationship ####
#########################################################
####################################################################################
#CLOCK GROUPING 
set_clock_groups -asynchronous -group [get_clocks "REF_CLK ALU_CLK"] -group [get_clocks "UART_CLK TX_CLK RX_CLK"] 
####################################################################################
#########################################################
#### Section 3 : set input/output delay on ports ####
#########################################################
####################################################################################
set_input_delay 54.2534722 -clock UART_CLK [get_port UART_RX_IN]
set_output_delay 1736.299512 -clock TX_CLK [get_port UART_TX_O]
set_output_delay 54.2534722 -clock UART_CLK [get_port parity_error]
set_output_delay 54.2534722 -clock UART_CLK [get_port framing_error]
####################################################################################
#########################################################
#### Section 4 : Driving cells ####
#########################################################
####################################################################################
set_driving_cell -library scmetro_tsmc_cl013g_rvt_ss_1p08v_125c -lib_cell BUFX2M -pin Y [get_port UART_RX_IN]
Warning: Design rule attributes from the driving cell will be
	set on the port. (UID-401)
####################################################################################
#########################################################
#### Section 5 : Output load ####
#########################################################
####################################################################################
set_load 0.1 [get_port UART_TX_O]
set_load 0.1 [get_port parity_error]
set_load 0.1 [get_port framing_error]
####################################################################################
#########################################################
#### Section 6 : Operating Condition ####
#########################################################
####################################################################################
# Define the Worst Library for Max(#setup) analysis
# Define the Best Library for Min(hold) analysis
set_operating_conditions -min_library "scmetro_tsmc_cl013g_rvt_ff_1p32v_m40c" -min "scmetro_tsmc_cl013g_rvt_ff_1p32v_m40c" -max_library "scmetro_tsmc_cl013g_rvt_ss_1p08v_125c" -max "scmetro_tsmc_cl013g_rvt_ss_1p08v_125c"
Using operating conditions 'scmetro_tsmc_cl013g_rvt_ss_1p08v_125c' found in library 'scmetro_tsmc_cl013g_rvt_ss_1p08v_125c'.
Using operating conditions 'scmetro_tsmc_cl013g_rvt_ff_1p32v_m40c' found in library 'scmetro_tsmc_cl013g_rvt_ff_1p32v_m40c'.
####################################################################################
#########################################################
#### Section 7 : wireload Model ####
#########################################################
####################################################################################
####################################################################################
#########################################################
#### Section 8 : premapped cells ####
#########################################################
####################################################################################
####################################################################################
###################### Mapping and optimization ########################
puts "###############################################"
###############################################
puts "########## Mapping & Optimization #############"
########## Mapping & Optimization #############
puts "###############################################"
###############################################
compile 
Information: Evaluating DesignWare library utilization. (UISN-27)

============================================================================
| DesignWare Building Block Library  |         Version         | Available |
============================================================================
| Basic DW Building Blocks           | K-2015.06-DWBB_201506.0 |     *     |
| Licensed DW Building Blocks        |                         |           |
============================================================================


Information: There are 42 potential problems in your design. Please run 'check_design' for more information. (LINT-99)


Warning: Operating condition scmetro_tsmc_cl013g_rvt_ss_1p08v_125c set on design SYS_TOP has different process,
voltage and temperatures parameters than the parameters at which target library 
scmetro_tsmc_cl013g_rvt_tt_1p2v_25c is characterized. Delays may be inaccurate as a result. (OPT-998)

  Beginning Pass 1 Mapping
  ------------------------
  Processing 'STOP_CHECK'
  Processing 'STR_CHECK'
  Processing 'PARITY_CHECK'
  Processing 'EDGE_BIT_COUNTER'
  Processing 'DE_SERIALIZER_DATA_WIDTH8'
  Processing 'DATA_SAMPLING'
  Processing 'FSM'
  Processing 'UART_RX_TOP_DATA_WIDTH8'
  Processing 'FSM_TX'
  Processing 'PARITY_CALC'
  Processing 'MUX'
  Processing 'SERIALIZER_DATA_WIDTH8'
  Processing 'UART_TX_TOP_DATA_WIDTH8'
  Processing 'UART_SYS_TOP_DATA_WIDTH8'
  Processing 'BUSY_PULSE_GENERATOR'
  Processing 'sync_bus_BUS_WIDTH8'
  Processing 'pulse_generator'
  Processing 'enable_sync_NUM_STAGES2'
  Processing 'DATA_SYNC_BUS_WIDTH8_NUM_STAGES2'
  Processing 'CLOCK_DIV_DIV_WIDTH8_0'
  Processing 'input_division_rx_ratio'
  Processing 'FIFO_WR'
  Processing 'FIFO_RD'
  Processing 'D_SYNC_WR'
  Processing 'D_SYNC_RD'
  Processing 'FIFO_MEM'
  Processing 'FIFO_TOP_DATA_WIDTH8_ADDR_WIDTH3_BUS_WIDTH4'
  Processing 'RST_SYNC_NUM_STAGES2_0'
  Processing 'ALU_WIDTH8_FUNC4'
  Processing 'Register_file_ADDR4_DATA_WIDTH8_WIDTH8_DEPTH16'
  Processing 'CLK_GATE'
  Processing 'SYS_CTRL'
  Processing 'SYS_TOP'

  Updating timing information
Information: Updating design information... (UID-85)

  Beginning Implementation Selection
  ----------------------------------
  Processing 'STOP_CHECK_DW01_cmp6_0'
  Processing 'STOP_CHECK_DW01_sub_0'
  Processing 'STR_CHECK_DW01_cmp6_0'
  Processing 'STR_CHECK_DW01_sub_0'
  Processing 'PARITY_CHECK_DW01_cmp6_0'
  Processing 'PARITY_CHECK_DW01_sub_0'
  Processing 'EDGE_BIT_COUNTER_DW01_cmp2_0'
  Processing 'EDGE_BIT_COUNTER_DW01_inc_0'
  Processing 'EDGE_BIT_COUNTER_DW01_cmp6_0'
  Processing 'EDGE_BIT_COUNTER_DW01_cmp2_1'
  Processing 'EDGE_BIT_COUNTER_DW01_cmp6_1'
  Processing 'EDGE_BIT_COUNTER_DW01_dec_0'
  Processing 'DE_SERIALIZER_DATA_WIDTH8_DW01_cmp6_0'
  Processing 'DE_SERIALIZER_DATA_WIDTH8_DW01_dec_0'
  Processing 'DATA_SAMPLING_DW01_cmp6_0'
  Processing 'DATA_SAMPLING_DW01_cmp6_1'
  Processing 'DATA_SAMPLING_DW01_dec_0'
  Processing 'FSM_DW01_cmp6_0'
  Processing 'FSM_DW01_dec_0'
  Processing 'CLOCK_DIV_DIV_WIDTH8_1_DW01_inc_0'
  Processing 'CLOCK_DIV_DIV_WIDTH8_1_DW01_cmp2_0'
  Processing 'CLOCK_DIV_DIV_WIDTH8_1_DW01_dec_0'
  Processing 'CLOCK_DIV_DIV_WIDTH8_1_DW01_cmp6_0'
  Processing 'CLOCK_DIV_DIV_WIDTH8_1_DW01_cmp6_1'
  Processing 'CLOCK_DIV_DIV_WIDTH8_0_DW01_inc_0'
  Processing 'CLOCK_DIV_DIV_WIDTH8_0_DW01_cmp2_0'
  Processing 'CLOCK_DIV_DIV_WIDTH8_0_DW01_dec_0'
  Processing 'CLOCK_DIV_DIV_WIDTH8_0_DW01_cmp6_0'
  Processing 'CLOCK_DIV_DIV_WIDTH8_0_DW01_cmp6_1'
  Processing 'ALU_WIDTH8_FUNC4_DW_div_uns_0'
  Processing 'ALU_WIDTH8_FUNC4_DW01_sub_0'
  Processing 'ALU_WIDTH8_FUNC4_DW01_add_0'
  Processing 'ALU_WIDTH8_FUNC4_DW01_cmp6_0'
  Processing 'ALU_WIDTH8_FUNC4_DW02_mult_0'
  Processing 'ALU_WIDTH8_FUNC4_DW01_add_1'

  Beginning Mapping Optimizations  (Medium effort)
  -------------------------------
  Mapping Optimization (Phase 1)

                                  TOTAL                                      
   ELAPSED            WORST NEG   SETUP    DESIGN                            
    TIME      AREA      SLACK     COST    RULE COST         ENDPOINT         
  --------- --------- --------- --------- --------- -------------------------
    0:00:19   46902.1      0.00       0.0       2.0                          
    0:00:19   46902.1      0.00       0.0       2.0                          
    0:00:19   46902.1      0.00       0.0       2.0                          
    0:00:19   46902.1      0.00       0.0       2.0                          
    0:00:19   46902.1      0.00       0.0       2.0                          
    0:00:22   24062.3      0.00       0.0       0.0                          
    0:00:22   24027.0      0.00       0.0       0.0                          
    0:00:23   24027.0      0.00       0.0       0.0                          
    0:00:23   24027.0      0.00       0.0       0.0                          
    0:00:23   24008.2      0.00       0.0       0.0                          
    0:00:23   24008.2      0.00       0.0       0.0                          
    0:00:23   24008.2      0.00       0.0       0.0                          
    0:00:23   24008.2      0.00       0.0       0.0                          
    0:00:23   24008.2      0.00       0.0       0.0                          



  Beginning Delay Optimization Phase
  ----------------------------------

                                  TOTAL                                      
   ELAPSED            WORST NEG   SETUP    DESIGN                            
    TIME      AREA      SLACK     COST    RULE COST         ENDPOINT         
  --------- --------- --------- --------- --------- -------------------------
    0:00:23   24008.2      0.00       0.0       0.0                          
    0:00:23   24008.2      0.00       0.0       0.0                          
    0:00:25   23998.8      0.00       0.0       0.0                          


  Beginning Area-Recovery Phase  (cleanup)
  -----------------------------

                                  TOTAL                                      
   ELAPSED            WORST NEG   SETUP    DESIGN                            
    TIME      AREA      SLACK     COST    RULE COST         ENDPOINT         
  --------- --------- --------- --------- --------- -------------------------
    0:00:25   23998.8      0.00       0.0       0.0                          
    0:00:25   23998.8      0.00       0.0       0.0                          
    0:00:25   23902.3      0.00       0.0       0.0                          
    0:00:25   23887.0      0.00       0.0       0.0                          
    0:00:25   23868.2      0.00       0.0       0.0                          
    0:00:25   23857.6      0.00       0.0       0.0                          
    0:00:25   23842.3      0.00       0.0       0.0                          
    0:00:25   23842.3      0.00       0.0       0.0                          
    0:00:25   23842.3      0.00       0.0       0.0                          
    0:00:25   23837.6      0.00       0.0       0.0                          
    0:00:25   23837.6      0.00       0.0       0.0                          
    0:00:25   23837.6      0.00       0.0       0.0                          
    0:00:25   23837.6      0.00       0.0       0.0                          
    0:00:25   23837.6      0.00       0.0       0.0                          
    0:00:25   23837.6      0.00       0.0       0.0                          
    0:00:25   23858.8      0.00       0.0       0.0                          
Loading db file '/home/IC/tsmc_fb_cl013g_sc/aci/sc-m/synopsys/scmetro_tsmc_cl013g_rvt_ss_1p08v_125c.db'
Loading db file '/home/IC/tsmc_fb_cl013g_sc/aci/sc-m/synopsys/scmetro_tsmc_cl013g_rvt_tt_1p2v_25c.db'
Loading db file '/home/IC/tsmc_fb_cl013g_sc/aci/sc-m/synopsys/scmetro_tsmc_cl013g_rvt_ff_1p32v_m40c.db'


Note: Symbol # after min delay cost means estimated hold TNS across all active scenarios 


  Optimization Complete
  ---------------------
1
set_svf -off
1
#############################################################################
# Write out files
#############################################################################
write_file -format verilog -hierarchy -output netlists/$top_module.ddc
Writing verilog file '/home/IC/SYSTEM/Synthesis/netlists/SYS_TOP.ddc'.
Warning: Verilog 'assign' or 'tran' statements are written out. (VO-4)
Warning: Verilog writer has added 5 nets to module SYS_TOP using SYNOPSYS_UNCONNECTED_ as prefix.  Please use the change_names command to make the correct changes before invoking the verilog writer.  (VO-11)
1
write_file -format verilog -hierarchy -output netlists/$top_module.v
Writing verilog file '/home/IC/SYSTEM/Synthesis/netlists/SYS_TOP.v'.
Warning: Verilog 'assign' or 'tran' statements are written out. (VO-4)
Warning: Verilog writer has added 5 nets to module SYS_TOP using SYNOPSYS_UNCONNECTED_ as prefix.  Please use the change_names command to make the correct changes before invoking the verilog writer.  (VO-11)
1
write_sdf  sdf/$top_module.sdf
Information: Annotated 'cell' delays are assumed to include load delay. (UID-282)
Information: Writing timing information to file '/home/IC/SYSTEM/Synthesis/sdf/SYS_TOP.sdf'. (WT-3)
Information: Updating design information... (UID-85)
1
write_sdc  -nosplit sdc/$top_module.sdc
1
####################### reporting ##########################################
report_area -hierarchy > reports/area.rpt
report_power -hierarchy > reports/power.rpt
report_timing -delay_type min > reports/hold.rpt
report_timing -delay_type max > reports/setup.rpt
report_clock -attributes > reports/clocks.rpt
report_constraint -all_violators -nosplit > reports/constraints.rpt
################# starting graphical user interface #######################
#gui_start
#exit
dc_shell> 