#-----------------------------------------------------------
# Vivado v2018.2 (64-bit)
# SW Build 2258646 on Thu Jun 14 20:03:12 MDT 2018
# IP Build 2256618 on Thu Jun 14 22:10:49 MDT 2018
# Start of session at: Sat Jul 18 03:29:00 2026
# Process ID: 23064
# Current directory: D:/RORO/data/KareemWaseem/Questa_sem/Assignment_4/q111
# Command line: vivado.exe -gui_launcher_event rodinguilauncherevent24248 D:\RORO\data\KareemWaseem\Questa_sem\Assignment_4\q111\q111.xpr
# Log file: D:/RORO/data/KareemWaseem/Questa_sem/Assignment_4/q111/vivado.log
# Journal file: D:/RORO/data/KareemWaseem/Questa_sem/Assignment_4/q111\vivado.jou
#-----------------------------------------------------------
start_gui
open_project D:/RORO/data/KareemWaseem/Questa_sem/Assignment_4/q111/q111.xpr
INFO: [Project 1-313] Project file moved from 'D:/KareemWaseem/Questa_sem/Assignment_4/q111' since last save.
Scanning sources...
Finished scanning sources
INFO: [IP_Flow 19-234] Refreshing IP repositories
INFO: [IP_Flow 19-1704] No user IP repositories specified
INFO: [IP_Flow 19-2313] Loaded Vivado IP repository 'D:/RORO/programs/VIVADO/setup/Vivado/2018.2/data/ip'.
open_project: Time (s): cpu = 00:00:19 ; elapsed = 00:00:11 . Memory (MB): peak = 892.980 ; gain = 112.453
update_compile_order -fileset sources_1
reset_run synth_1
launch_runs synth_1 -jobs 6
[Sat Jul 18 03:30:19 2026] Launched synth_1...
Run output will be captured here: D:/RORO/data/KareemWaseem/Questa_sem/Assignment_4/q111/q111.runs/synth_1/runme.log
